127.0.0.1:5432 - accepting connections
PostgreSQL host '127.0.0.1' is ready.
psql: error: connection to server at "127.0.0.1", port 5432 failed: FATAL:  database "appsmith" does not exist
psql: error: connection to server at "127.0.0.1", port 5432 failed: FATAL:  database "appsmith" does not exist
2024-09-24T15:50:09.349Z Setting up Temporal Postgres embedded for first time ...
CREATE SCHEMA
2024-09-24T15:50:30.648Z	[34mINFO[0m	Starting schema setup	{"config": {"SchemaFilePath":"","InitialVersion":"0.0","Overwrite":false,"DisableVersioning":false}, "logging-call-at": "setuptask.go:58"}
2024-09-24T15:50:30.649Z	[35mDEBUG[0m	Setting up version tables	{"logging-call-at": "setuptask.go:68"}
2024-09-24T15:50:31.394Z	[35mDEBUG[0m	Setting initial schema version to 0.0	{"logging-call-at": "setuptask.go:119"}
2024-09-24T15:50:31.415Z	[35mDEBUG[0m	Updating schema update log	{"logging-call-at": "setuptask.go:124"}
2024-09-24T15:50:31.431Z	[34mINFO[0m	Schema setup complete	{"logging-call-at": "setuptask.go:132"}
2024-09-24T15:50:31.755Z	[34mINFO[0m	UpdateSchemeTask started	{"config": {"DBName":"","TargetVersion":"","SchemaDir":"/opt/temporal//temporal-1.22.7/schema/postgresql/v12/temporal/versioned","IsDryRun":false}, "logging-call-at": "updatetask.go:97"}
2024-09-24T15:50:31.783Z	[35mDEBUG[0m	Schema Dirs: [v1.0 v1.1 v1.2 v1.3 v1.4 v1.5 v1.6 v1.7 v1.8 v1.9 v1.10]	{"logging-call-at": "updatetask.go:195"}
2024-09-24T15:50:31.798Z	[34mINFO[0m	Processing schema file: /opt/temporal//temporal-1.22.7/schema/postgresql/v12/temporal/versioned/v1.0/schema.sql	{"logging-call-at": "updatetask.go:241"}
2024-09-24T15:50:31.809Z	[34mINFO[0m	Processing schema file: /opt/temporal//temporal-1.22.7/schema/postgresql/v12/temporal/versioned/v1.1/cluster_metadata.sql	{"logging-call-at": "updatetask.go:241"}
2024-09-24T15:50:31.815Z	[34mINFO[0m	Processing schema file: /opt/temporal//temporal-1.22.7/schema/postgresql/v12/temporal/versioned/v1.2/queue.sql	{"logging-call-at": "updatetask.go:241"}
2024-09-24T15:50:31.839Z	[34mINFO[0m	Processing schema file: /opt/temporal//temporal-1.22.7/schema/postgresql/v12/temporal/versioned/v1.3/visibility_tasks.sql	{"logging-call-at": "updatetask.go:241"}
2024-09-24T15:50:31.861Z	[34mINFO[0m	Processing schema file: /opt/temporal//temporal-1.22.7/schema/postgresql/v12/temporal/versioned/v1.4/cluster_metadata.sql	{"logging-call-at": "updatetask.go:241"}
2024-09-24T15:50:31.864Z	[34mINFO[0m	Processing schema file: /opt/temporal//temporal-1.22.7/schema/postgresql/v12/temporal/versioned/v1.5/event.sql	{"logging-call-at": "updatetask.go:241"}
2024-09-24T15:50:31.865Z	[34mINFO[0m	Processing schema file: /opt/temporal//temporal-1.22.7/schema/postgresql/v12/temporal/versioned/v1.5/executions.sql	{"logging-call-at": "updatetask.go:241"}
2024-09-24T15:50:31.867Z	[34mINFO[0m	Processing schema file: /opt/temporal//temporal-1.22.7/schema/postgresql/v12/temporal/versioned/v1.5/cluster_membership.sql	{"logging-call-at": "updatetask.go:241"}
2024-09-24T15:50:31.871Z	[34mINFO[0m	Processing schema file: /opt/temporal//temporal-1.22.7/schema/postgresql/v12/temporal/versioned/v1.6/queue_metadata.sql	{"logging-call-at": "updatetask.go:241"}
2024-09-24T15:50:31.892Z	[34mINFO[0m	Processing schema file: /opt/temporal//temporal-1.22.7/schema/postgresql/v12/temporal/versioned/v1.7/cluster_metadata_info.sql	{"logging-call-at": "updatetask.go:241"}
2024-09-24T15:50:31.896Z	[34mINFO[0m	Processing schema file: /opt/temporal//temporal-1.22.7/schema/postgresql/v12/temporal/versioned/v1.7/no_start_version.sql	{"logging-call-at": "updatetask.go:241"}
2024-09-24T15:50:31.901Z	[34mINFO[0m	Processing schema file: /opt/temporal//temporal-1.22.7/schema/postgresql/v12/temporal/versioned/v1.7/tiered_storage_tasks.sql	{"logging-call-at": "updatetask.go:241"}
2024-09-24T15:50:31.904Z	[34mINFO[0m	Processing schema file: /opt/temporal//temporal-1.22.7/schema/postgresql/v12/temporal/versioned/v1.8/drop_unused_tasks_table.sql	{"logging-call-at": "updatetask.go:241"}
2024-09-24T15:50:31.905Z	[34mINFO[0m	Processing schema file: /opt/temporal//temporal-1.22.7/schema/postgresql/v12/temporal/versioned/v1.8/alter_columns.sql	{"logging-call-at": "updatetask.go:241"}
2024-09-24T15:50:31.909Z	[34mINFO[0m	Processing schema file: /opt/temporal//temporal-1.22.7/schema/postgresql/v12/temporal/versioned/v1.9/history_tasks_table.sql	{"logging-call-at": "updatetask.go:241"}
2024-09-24T15:50:31.919Z	[34mINFO[0m	Processing schema file: /opt/temporal//temporal-1.22.7/schema/postgresql/v12/temporal/versioned/v1.10/task_queue_user_data.sql	{"logging-call-at": "updatetask.go:241"}
2024-09-24T15:50:31.922Z	[35mDEBUG[0m	running 11 updates for current version 0.0	{"logging-call-at": "updatetask.go:131"}
2024-09-24T15:50:31.923Z	[35mDEBUG[0m	---- Executing updates for version 1.0 ----	{"logging-call-at": "updatetask.go:150"}
2024-09-24T15:50:31.923Z	[35mDEBUG[0m	CREATE TABLE namespaces( partition_id INTEGER NOT NULL, id BYTEA NOT NULL, name VARCHAR(255) UNIQUE NOT NULL, notification_version BIGINT NOT NULL, data BYTEA NOT NULL, data_encoding VARCHAR(16) NOT NULL, is_global BOOLEAN NOT NULL, PRIMARY KEY(partition_id, id) );	{"logging-call-at": "updatetask.go:152"}
2024-09-24T15:50:32.134Z	[35mDEBUG[0m	CREATE TABLE namespace_metadata ( partition_id INTEGER NOT NULL, notification_version BIGINT NOT NULL, PRIMARY KEY(partition_id) );	{"logging-call-at": "updatetask.go:152"}
2024-09-24T15:50:32.188Z	[35mDEBUG[0m	INSERT INTO namespace_metadata (partition_id, notification_version) VALUES (54321, 1);	{"logging-call-at": "updatetask.go:152"}
2024-09-24T15:50:32.218Z	[35mDEBUG[0m	CREATE TABLE shards ( shard_id INTEGER NOT NULL, range_id BIGINT NOT NULL, data BYTEA NOT NULL, data_encoding VARCHAR(16) NOT NULL, PRIMARY KEY (shard_id) );	{"logging-call-at": "updatetask.go:152"}
2024-09-24T15:50:32.321Z	[35mDEBUG[0m	CREATE TABLE transfer_tasks( shard_id INTEGER NOT NULL, task_id BIGINT NOT NULL, data BYTEA NOT NULL, data_encoding VARCHAR(16) NOT NULL, PRIMARY KEY (shard_id, task_id) );	{"logging-call-at": "updatetask.go:152"}
2024-09-24T15:50:32.404Z	[35mDEBUG[0m	CREATE TABLE executions( shard_id INTEGER NOT NULL, namespace_id BYTEA NOT NULL, workflow_id VARCHAR(255) NOT NULL, run_id BYTEA NOT NULL, next_event_id BIGINT NOT NULL, last_write_version BIGINT NOT NULL, data BYTEA NOT NULL, data_encoding VARCHAR(16) NOT NULL, state BYTEA NOT NULL, state_encoding VARCHAR(16) NOT NULL, PRIMARY KEY (shard_id, namespace_id, workflow_id, run_id) );	{"logging-call-at": "updatetask.go:152"}
2024-09-24T15:50:32.561Z	[35mDEBUG[0m	CREATE TABLE current_executions( shard_id INTEGER NOT NULL, namespace_id BYTEA NOT NULL, workflow_id VARCHAR(255) NOT NULL, run_id BYTEA NOT NULL, create_request_id VARCHAR(64) NOT NULL, state INTEGER NOT NULL, status INTEGER NOT NULL, start_version BIGINT NOT NULL, last_write_version BIGINT NOT NULL, PRIMARY KEY (shard_id, namespace_id, workflow_id) );	{"logging-call-at": "updatetask.go:152"}
2024-09-24T15:50:32.674Z	[35mDEBUG[0m	CREATE TABLE buffered_events ( shard_id INTEGER NOT NULL, namespace_id BYTEA NOT NULL, workflow_id VARCHAR(255) NOT NULL, run_id BYTEA NOT NULL, id BIGSERIAL NOT NULL UNIQUE, data BYTEA NOT NULL, data_encoding VARCHAR(16) NOT NULL, PRIMARY KEY (shard_id, namespace_id, workflow_id, run_id, id) );	{"logging-call-at": "updatetask.go:152"}
2024-09-24T15:50:32.808Z	[35mDEBUG[0m	CREATE TABLE tasks ( range_hash BIGINT NOT NULL, task_queue_id BYTEA NOT NULL, task_id BIGINT NOT NULL, data BYTEA NOT NULL, data_encoding VARCHAR(16) NOT NULL, PRIMARY KEY (range_hash, task_queue_id, task_id) );	{"logging-call-at": "updatetask.go:152"}
2024-09-24T15:50:32.920Z	[35mDEBUG[0m	CREATE TABLE task_queues ( range_hash BIGINT NOT NULL, task_queue_id BYTEA NOT NULL, range_id BIGINT NOT NULL, data BYTEA NOT NULL, data_encoding VARCHAR(16) NOT NULL, PRIMARY KEY (range_hash, task_queue_id) );	{"logging-call-at": "updatetask.go:152"}
2024-09-24T15:50:33.116Z	[35mDEBUG[0m	CREATE TABLE replication_tasks ( shard_id INTEGER NOT NULL, task_id BIGINT NOT NULL, data BYTEA NOT NULL, data_encoding VARCHAR(16) NOT NULL, PRIMARY KEY (shard_id, task_id) );	{"logging-call-at": "updatetask.go:152"}
2024-09-24T15:50:33.230Z	[35mDEBUG[0m	CREATE TABLE replication_tasks_dlq ( source_cluster_name VARCHAR(255) NOT NULL, shard_id INTEGER NOT NULL, task_id BIGINT NOT NULL, data BYTEA NOT NULL, data_encoding VARCHAR(16) NOT NULL, PRIMARY KEY (source_cluster_name, shard_id, task_id) );	{"logging-call-at": "updatetask.go:152"}
2024-09-24T15:50:33.301Z	[35mDEBUG[0m	CREATE TABLE timer_tasks ( shard_id INTEGER NOT NULL, visibility_timestamp TIMESTAMP NOT NULL, task_id BIGINT NOT NULL, data BYTEA NOT NULL, data_encoding VARCHAR(16) NOT NULL, PRIMARY KEY (shard_id, visibility_timestamp, task_id) );	{"logging-call-at": "updatetask.go:152"}
2024-09-24T15:50:33.385Z	[35mDEBUG[0m	CREATE TABLE activity_info_maps ( shard_id INTEGER NOT NULL, namespace_id BYTEA NOT NULL, workflow_id VARCHAR(255) NOT NULL, run_id BYTEA NOT NULL, schedule_id BIGINT NOT NULL, data BYTEA NOT NULL, data_encoding VARCHAR(16), PRIMARY KEY (shard_id, namespace_id, workflow_id, run_id, schedule_id) );	{"logging-call-at": "updatetask.go:152"}
2024-09-24T15:50:33.468Z	[35mDEBUG[0m	CREATE TABLE timer_info_maps ( shard_id INTEGER NOT NULL, namespace_id BYTEA NOT NULL, workflow_id VARCHAR(255) NOT NULL, run_id BYTEA NOT NULL, timer_id VARCHAR(255) NOT NULL, data BYTEA NOT NULL, data_encoding VARCHAR(16), PRIMARY KEY (shard_id, namespace_id, workflow_id, run_id, timer_id) );	{"logging-call-at": "updatetask.go:152"}
2024-09-24T15:50:33.556Z	[35mDEBUG[0m	CREATE TABLE child_execution_info_maps ( shard_id INTEGER NOT NULL, namespace_id BYTEA NOT NULL, workflow_id VARCHAR(255) NOT NULL, run_id BYTEA NOT NULL, initiated_id BIGINT NOT NULL, data BYTEA NOT NULL, data_encoding VARCHAR(16), PRIMARY KEY (shard_id, namespace_id, workflow_id, run_id, initiated_id) );	{"logging-call-at": "updatetask.go:152"}
2024-09-24T15:50:33.623Z	[35mDEBUG[0m	CREATE TABLE request_cancel_info_maps ( shard_id INTEGER NOT NULL, namespace_id BYTEA NOT NULL, workflow_id VARCHAR(255) NOT NULL, run_id BYTEA NOT NULL, initiated_id BIGINT NOT NULL, data BYTEA NOT NULL, data_encoding VARCHAR(16), PRIMARY KEY (shard_id, namespace_id, workflow_id, run_id, initiated_id) );	{"logging-call-at": "updatetask.go:152"}
2024-09-24T15:50:33.694Z	[35mDEBUG[0m	CREATE TABLE signal_info_maps ( shard_id INTEGER NOT NULL, namespace_id BYTEA NOT NULL, workflow_id VARCHAR(255) NOT NULL, run_id BYTEA NOT NULL, initiated_id BIGINT NOT NULL, data BYTEA NOT NULL, data_encoding VARCHAR(16), PRIMARY KEY (shard_id, namespace_id, workflow_id, run_id, initiated_id) );	{"logging-call-at": "updatetask.go:152"}
2024-09-24T15:50:33.764Z	[35mDEBUG[0m	CREATE TABLE signals_requested_sets ( shard_id INTEGER NOT NULL, namespace_id BYTEA NOT NULL, workflow_id VARCHAR(255) NOT NULL, run_id BYTEA NOT NULL, signal_id VARCHAR(64) NOT NULL, PRIMARY KEY (shard_id, namespace_id, workflow_id, run_id, signal_id) );	{"logging-call-at": "updatetask.go:152"}
2024-09-24T15:50:33.857Z	[35mDEBUG[0m	CREATE TABLE history_node ( shard_id INTEGER NOT NULL, tree_id BYTEA NOT NULL, branch_id BYTEA NOT NULL, node_id BIGINT NOT NULL, txn_id BIGINT NOT NULL, data BYTEA NOT NULL, data_encoding VARCHAR(16) NOT NULL, PRIMARY KEY (shard_id, tree_id, branch_id, node_id, txn_id) );	{"logging-call-at": "updatetask.go:152"}
2024-09-24T15:50:33.973Z	[35mDEBUG[0m	CREATE TABLE history_tree ( shard_id INTEGER NOT NULL, tree_id BYTEA NOT NULL, branch_id BYTEA NOT NULL, data BYTEA NOT NULL, data_encoding VARCHAR(16) NOT NULL, PRIMARY KEY (shard_id, tree_id, branch_id) );	{"logging-call-at": "updatetask.go:152"}
2024-09-24T15:50:34.041Z	[35mDEBUG[0m	CREATE TABLE queue ( queue_type INTEGER NOT NULL, message_id BIGINT NOT NULL, message_payload BYTEA NOT NULL, PRIMARY KEY(queue_type, message_id) );	{"logging-call-at": "updatetask.go:152"}
2024-09-24T15:50:34.132Z	[35mDEBUG[0m	CREATE TABLE queue_metadata ( queue_type INTEGER NOT NULL, data BYTEA NOT NULL, PRIMARY KEY(queue_type) );	{"logging-call-at": "updatetask.go:152"}
2024-09-24T15:50:34.204Z	[35mDEBUG[0m	CREATE TABLE cluster_metadata ( metadata_partition INTEGER NOT NULL, immutable_data BYTEA NOT NULL, immutable_data_encoding VARCHAR(16) NOT NULL, PRIMARY KEY(metadata_partition) );	{"logging-call-at": "updatetask.go:152"}
2024-09-24T15:50:34.300Z	[35mDEBUG[0m	CREATE TABLE cluster_membership ( membership_partition INTEGER NOT NULL, host_id BYTEA NOT NULL, rpc_address VARCHAR(15) NOT NULL, rpc_port SMALLINT NOT NULL, role SMALLINT NOT NULL, session_start TIMESTAMP DEFAULT '1970-01-01 00:00:01+00:00', last_heartbeat TIMESTAMP DEFAULT '1970-01-01 00:00:01+00:00', record_expiry TIMESTAMP DEFAULT '1970-01-01 00:00:01+00:00', PRIMARY KEY (membership_partition, host_id) );	{"logging-call-at": "updatetask.go:152"}
2024-09-24T15:50:34.625Z	[35mDEBUG[0m	CREATE UNIQUE INDEX cm_idx_rolehost ON cluster_membership (role, host_id);	{"logging-call-at": "updatetask.go:152"}
2024-09-24T15:50:34.669Z	[35mDEBUG[0m	CREATE INDEX cm_idx_rolelasthb ON cluster_membership (role, last_heartbeat);	{"logging-call-at": "updatetask.go:152"}
2024-09-24T15:50:34.697Z	[35mDEBUG[0m	CREATE INDEX cm_idx_rpchost ON cluster_membership (rpc_address, role);	{"logging-call-at": "updatetask.go:152"}
2024-09-24T15:50:34.752Z	[35mDEBUG[0m	CREATE INDEX cm_idx_lasthb ON cluster_membership (last_heartbeat);	{"logging-call-at": "updatetask.go:152"}
2024-09-24T15:50:34.798Z	[35mDEBUG[0m	CREATE INDEX cm_idx_recordexpiry ON cluster_membership (record_expiry);	{"logging-call-at": "updatetask.go:152"}
2024-09-24T15:50:34.862Z	[35mDEBUG[0m	---- Done ----	{"logging-call-at": "updatetask.go:169"}
2024-09-24T15:50:34.890Z	[35mDEBUG[0m	Schema updated from 0.0 to 1.0	{"logging-call-at": "updatetask.go:142"}
2024-09-24T15:50:34.891Z	[35mDEBUG[0m	---- Executing updates for version 1.1 ----	{"logging-call-at": "updatetask.go:150"}
2024-09-24T15:50:34.891Z	[35mDEBUG[0m	ALTER TABLE cluster_metadata ADD data BYTEA NOT NULL DEFAULT '';	{"logging-call-at": "updatetask.go:152"}
2024-09-24T15:50:34.902Z	[35mDEBUG[0m	ALTER TABLE cluster_metadata ADD data_encoding VARCHAR(16) NOT NULL DEFAULT 'Proto3';	{"logging-call-at": "updatetask.go:152"}
2024-09-24T15:50:34.906Z	[35mDEBUG[0m	ALTER TABLE cluster_metadata ADD version BIGINT NOT NULL DEFAULT 1;	{"logging-call-at": "updatetask.go:152"}
2024-09-24T15:50:34.911Z	[35mDEBUG[0m	---- Done ----	{"logging-call-at": "updatetask.go:169"}
2024-09-24T15:50:34.927Z	[35mDEBUG[0m	Schema updated from 1.0 to 1.1	{"logging-call-at": "updatetask.go:142"}
2024-09-24T15:50:34.927Z	[35mDEBUG[0m	---- Executing updates for version 1.2 ----	{"logging-call-at": "updatetask.go:150"}
2024-09-24T15:50:34.927Z	[35mDEBUG[0m	ALTER TABLE queue ADD message_encoding VARCHAR(16) NOT NULL DEFAULT 'Json';	{"logging-call-at": "updatetask.go:152"}
2024-09-24T15:50:34.996Z	[35mDEBUG[0m	ALTER TABLE queue_metadata ADD data_encoding VARCHAR(16) NOT NULL DEFAULT 'Json';	{"logging-call-at": "updatetask.go:152"}
2024-09-24T15:50:35.004Z	[35mDEBUG[0m	---- Done ----	{"logging-call-at": "updatetask.go:169"}
2024-09-24T15:50:35.008Z	[35mDEBUG[0m	Schema updated from 1.1 to 1.2	{"logging-call-at": "updatetask.go:142"}
2024-09-24T15:50:35.008Z	[35mDEBUG[0m	---- Executing updates for version 1.3 ----	{"logging-call-at": "updatetask.go:150"}
2024-09-24T15:50:35.008Z	[35mDEBUG[0m	CREATE TABLE visibility_tasks( shard_id INTEGER NOT NULL, task_id BIGINT NOT NULL, data BYTEA NOT NULL, data_encoding VARCHAR(16) NOT NULL, PRIMARY KEY (shard_id, task_id) );	{"logging-call-at": "updatetask.go:152"}
2024-09-24T15:50:35.099Z	[35mDEBUG[0m	---- Done ----	{"logging-call-at": "updatetask.go:169"}
2024-09-24T15:50:35.138Z	[35mDEBUG[0m	Schema updated from 1.2 to 1.3	{"logging-call-at": "updatetask.go:142"}
2024-09-24T15:50:35.138Z	[35mDEBUG[0m	---- Executing updates for version 1.4 ----	{"logging-call-at": "updatetask.go:150"}
2024-09-24T15:50:35.138Z	[35mDEBUG[0m	ALTER TABLE cluster_metadata DROP immutable_data;	{"logging-call-at": "updatetask.go:152"}
2024-09-24T15:50:35.233Z	[35mDEBUG[0m	ALTER TABLE cluster_metadata DROP immutable_data_encoding;	{"logging-call-at": "updatetask.go:152"}
2024-09-24T15:50:35.235Z	[35mDEBUG[0m	---- Done ----	{"logging-call-at": "updatetask.go:169"}
2024-09-24T15:50:35.253Z	[35mDEBUG[0m	Schema updated from 1.3 to 1.4	{"logging-call-at": "updatetask.go:142"}
2024-09-24T15:50:35.253Z	[35mDEBUG[0m	---- Executing updates for version 1.5 ----	{"logging-call-at": "updatetask.go:150"}
2024-09-24T15:50:35.253Z	[35mDEBUG[0m	ALTER TABLE history_node ADD prev_txn_id BIGINT NOT NULL DEFAULT 0;	{"logging-call-at": "updatetask.go:152"}
2024-09-24T15:50:35.265Z	[35mDEBUG[0m	ALTER TABLE executions ADD db_record_version BIGINT NOT NULL DEFAULT 0;	{"logging-call-at": "updatetask.go:152"}
2024-09-24T15:50:35.268Z	[35mDEBUG[0m	ALTER TABLE cluster_membership ALTER COLUMN rpc_address TYPE VARCHAR(128);	{"logging-call-at": "updatetask.go:152"}
2024-09-24T15:50:35.352Z	[35mDEBUG[0m	---- Done ----	{"logging-call-at": "updatetask.go:169"}
2024-09-24T15:50:35.454Z	[35mDEBUG[0m	Schema updated from 1.4 to 1.5	{"logging-call-at": "updatetask.go:142"}
2024-09-24T15:50:35.454Z	[35mDEBUG[0m	---- Executing updates for version 1.6 ----	{"logging-call-at": "updatetask.go:150"}
2024-09-24T15:50:35.454Z	[35mDEBUG[0m	ALTER TABLE queue_metadata ADD version BIGINT NOT NULL DEFAULT 0;	{"logging-call-at": "updatetask.go:152"}
2024-09-24T15:50:35.502Z	[35mDEBUG[0m	---- Done ----	{"logging-call-at": "updatetask.go:169"}
2024-09-24T15:50:35.533Z	[35mDEBUG[0m	Schema updated from 1.5 to 1.6	{"logging-call-at": "updatetask.go:142"}
2024-09-24T15:50:35.534Z	[35mDEBUG[0m	---- Executing updates for version 1.7 ----	{"logging-call-at": "updatetask.go:150"}
2024-09-24T15:50:35.534Z	[35mDEBUG[0m	CREATE TABLE cluster_metadata_info ( metadata_partition INTEGER NOT NULL, cluster_name VARCHAR(255) NOT NULL, data BYTEA NOT NULL, data_encoding VARCHAR(16) NOT NULL, version BIGINT NOT NULL, PRIMARY KEY(metadata_partition, cluster_name) );	{"logging-call-at": "updatetask.go:152"}
2024-09-24T15:50:36.026Z	[35mDEBUG[0m	ALTER TABLE current_executions ALTER COLUMN start_version SET DEFAULT 0;	{"logging-call-at": "updatetask.go:152"}
2024-09-24T15:50:36.043Z	[35mDEBUG[0m	CREATE TABLE tiered_storage_tasks( shard_id INTEGER NOT NULL, task_id BIGINT NOT NULL, data BYTEA NOT NULL, data_encoding VARCHAR(16) NOT NULL, PRIMARY KEY (shard_id, task_id) );	{"logging-call-at": "updatetask.go:152"}
2024-09-24T15:50:36.236Z	[35mDEBUG[0m	---- Done ----	{"logging-call-at": "updatetask.go:169"}
2024-09-24T15:50:36.254Z	[35mDEBUG[0m	Schema updated from 1.6 to 1.7	{"logging-call-at": "updatetask.go:142"}
2024-09-24T15:50:36.254Z	[35mDEBUG[0m	---- Executing updates for version 1.8 ----	{"logging-call-at": "updatetask.go:150"}
2024-09-24T15:50:36.254Z	[35mDEBUG[0m	DROP TABLE tiered_storage_tasks;	{"logging-call-at": "updatetask.go:152"}
2024-09-24T15:50:36.338Z	[35mDEBUG[0m	ALTER TABLE current_executions ALTER COLUMN create_request_id TYPE VARCHAR(255);	{"logging-call-at": "updatetask.go:152"}
2024-09-24T15:50:36.343Z	[35mDEBUG[0m	ALTER TABLE signals_requested_sets ALTER COLUMN signal_id TYPE VARCHAR(255);	{"logging-call-at": "updatetask.go:152"}
2024-09-24T15:50:36.360Z	[35mDEBUG[0m	---- Done ----	{"logging-call-at": "updatetask.go:169"}
2024-09-24T15:50:36.373Z	[35mDEBUG[0m	Schema updated from 1.7 to 1.8	{"logging-call-at": "updatetask.go:142"}
2024-09-24T15:50:36.373Z	[35mDEBUG[0m	---- Executing updates for version 1.9 ----	{"logging-call-at": "updatetask.go:150"}
2024-09-24T15:50:36.373Z	[35mDEBUG[0m	CREATE TABLE history_immediate_tasks( shard_id INTEGER NOT NULL, category_id INTEGER NOT NULL, task_id BIGINT NOT NULL, data BYTEA NOT NULL, data_encoding VARCHAR(16) NOT NULL, PRIMARY KEY (shard_id, category_id, task_id) );	{"logging-call-at": "updatetask.go:152"}
2024-09-24T15:50:36.461Z	[35mDEBUG[0m	CREATE TABLE history_scheduled_tasks ( shard_id INTEGER NOT NULL, category_id INTEGER NOT NULL, visibility_timestamp TIMESTAMP NOT NULL, task_id BIGINT NOT NULL, data BYTEA NOT NULL, data_encoding VARCHAR(16) NOT NULL, PRIMARY KEY (shard_id, category_id, visibility_timestamp, task_id) );	{"logging-call-at": "updatetask.go:152"}
2024-09-24T15:50:36.575Z	[35mDEBUG[0m	---- Done ----	{"logging-call-at": "updatetask.go:169"}
2024-09-24T15:50:36.603Z	[35mDEBUG[0m	Schema updated from 1.8 to 1.9	{"logging-call-at": "updatetask.go:142"}
2024-09-24T15:50:36.603Z	[35mDEBUG[0m	---- Executing updates for version 1.10 ----	{"logging-call-at": "updatetask.go:150"}
2024-09-24T15:50:36.603Z	[35mDEBUG[0m	CREATE TABLE task_queue_user_data ( namespace_id BYTEA NOT NULL, task_queue_name VARCHAR(255) NOT NULL, data BYTEA NOT NULL, data_encoding VARCHAR(16) NOT NULL, version BIGINT NOT NULL, PRIMARY KEY (namespace_id, task_queue_name) );	{"logging-call-at": "updatetask.go:152"}
2024-09-24T15:50:36.707Z	[35mDEBUG[0m	CREATE TABLE build_id_to_task_queue ( namespace_id BYTEA NOT NULL, build_id VARCHAR(255) NOT NULL, task_queue_name VARCHAR(255) NOT NULL, PRIMARY KEY (namespace_id, build_id, task_queue_name) );	{"logging-call-at": "updatetask.go:152"}
2024-09-24T15:50:36.847Z	[35mDEBUG[0m	---- Done ----	{"logging-call-at": "updatetask.go:169"}
2024-09-24T15:50:36.854Z	[35mDEBUG[0m	Schema updated from 1.9 to 1.10	{"logging-call-at": "updatetask.go:142"}
2024-09-24T15:50:36.854Z	[34mINFO[0m	UpdateSchemeTask done	{"logging-call-at": "updatetask.go:120"}
CREATE SCHEMA
2024-09-24T15:50:38.068Z	[34mINFO[0m	Starting schema setup	{"config": {"SchemaFilePath":"","InitialVersion":"0.0","Overwrite":false,"DisableVersioning":false}, "logging-call-at": "setuptask.go:58"}
2024-09-24T15:50:38.069Z	[35mDEBUG[0m	Setting up version tables	{"logging-call-at": "setuptask.go:68"}
2024-09-24T15:50:38.341Z	[35mDEBUG[0m	Setting initial schema version to 0.0	{"logging-call-at": "setuptask.go:119"}
2024-09-24T15:50:38.361Z	[35mDEBUG[0m	Updating schema update log	{"logging-call-at": "setuptask.go:124"}
2024-09-24T15:50:38.385Z	[34mINFO[0m	Schema setup complete	{"logging-call-at": "setuptask.go:132"}
2024-09-24T15:50:38.883Z	[34mINFO[0m	UpdateSchemeTask started	{"config": {"DBName":"","TargetVersion":"","SchemaDir":"/opt/temporal//temporal-1.22.7/schema/postgresql/v12/visibility/versioned","IsDryRun":false}, "logging-call-at": "updatetask.go:97"}
2024-09-24T15:50:39.047Z	[35mDEBUG[0m	Schema Dirs: [v1.0 v1.1 v1.2 v1.3]	{"logging-call-at": "updatetask.go:195"}
2024-09-24T15:50:39.061Z	[34mINFO[0m	Processing schema file: /opt/temporal//temporal-1.22.7/schema/postgresql/v12/visibility/versioned/v1.0/schema.sql	{"logging-call-at": "updatetask.go:241"}
2024-09-24T15:50:39.066Z	[34mINFO[0m	Processing schema file: /opt/temporal//temporal-1.22.7/schema/postgresql/v12/visibility/versioned/v1.1/index.sql	{"logging-call-at": "updatetask.go:241"}
2024-09-24T15:50:39.070Z	[34mINFO[0m	Processing schema file: /opt/temporal//temporal-1.22.7/schema/postgresql/v12/visibility/versioned/v1.2/advanced_visibility.sql	{"logging-call-at": "updatetask.go:241"}
2024-09-24T15:50:39.097Z	[34mINFO[0m	Processing schema file: /opt/temporal//temporal-1.22.7/schema/postgresql/v12/visibility/versioned/v1.3/add_history_size_bytes.sql	{"logging-call-at": "updatetask.go:241"}
2024-09-24T15:50:39.100Z	[34mINFO[0m	Processing schema file: /opt/temporal//temporal-1.22.7/schema/postgresql/v12/visibility/versioned/v1.3/add_build_ids_search_attribute.sql	{"logging-call-at": "updatetask.go:241"}
2024-09-24T15:50:39.101Z	[35mDEBUG[0m	running 4 updates for current version 0.0	{"logging-call-at": "updatetask.go:131"}
2024-09-24T15:50:39.101Z	[35mDEBUG[0m	---- Executing updates for version 1.0 ----	{"logging-call-at": "updatetask.go:150"}
2024-09-24T15:50:39.105Z	[35mDEBUG[0m	CREATE TABLE executions_visibility ( namespace_id CHAR(64) NOT NULL, run_id CHAR(64) NOT NULL, start_time TIMESTAMP NOT NULL, execution_time TIMESTAMP NOT NULL, workflow_id VARCHAR(255) NOT NULL, workflow_type_name VARCHAR(255) NOT NULL, status INTEGER NOT NULL, close_time TIMESTAMP NULL, history_length BIGINT, memo BYTEA, encoding VARCHAR(64) NOT NULL, task_queue VARCHAR(255) DEFAULT '' NOT NULL, PRIMARY KEY (namespace_id, run_id) );	{"logging-call-at": "updatetask.go:152"}
2024-09-24T15:50:39.431Z	[35mDEBUG[0m	CREATE INDEX by_type_start_time ON executions_visibility (namespace_id, workflow_type_name, status, start_time DESC, run_id);	{"logging-call-at": "updatetask.go:152"}
2024-09-24T15:50:39.571Z	[35mDEBUG[0m	CREATE INDEX by_workflow_id_start_time ON executions_visibility (namespace_id, workflow_id, status, start_time DESC, run_id);	{"logging-call-at": "updatetask.go:152"}
2024-09-24T15:50:39.631Z	[35mDEBUG[0m	CREATE INDEX by_status_by_start_time ON executions_visibility (namespace_id, status, start_time DESC, run_id);	{"logging-call-at": "updatetask.go:152"}
2024-09-24T15:50:39.666Z	[35mDEBUG[0m	CREATE INDEX by_type_close_time ON executions_visibility (namespace_id, workflow_type_name, status, close_time DESC, run_id);	{"logging-call-at": "updatetask.go:152"}
2024-09-24T15:50:39.706Z	[35mDEBUG[0m	CREATE INDEX by_workflow_id_close_time ON executions_visibility (namespace_id, workflow_id, status, close_time DESC, run_id);	{"logging-call-at": "updatetask.go:152"}
2024-09-24T15:50:39.742Z	[35mDEBUG[0m	CREATE INDEX by_status_by_close_time ON executions_visibility (namespace_id, status, close_time DESC, run_id);	{"logging-call-at": "updatetask.go:152"}
2024-09-24T15:50:39.773Z	[35mDEBUG[0m	---- Done ----	{"logging-call-at": "updatetask.go:169"}
2024-09-24T15:50:39.799Z	[35mDEBUG[0m	Schema updated from 0.0 to 1.0	{"logging-call-at": "updatetask.go:142"}
2024-09-24T15:50:39.799Z	[35mDEBUG[0m	---- Executing updates for version 1.1 ----	{"logging-call-at": "updatetask.go:150"}
2024-09-24T15:50:39.800Z	[35mDEBUG[0m	CREATE INDEX by_close_time_by_status ON executions_visibility (namespace_id, close_time DESC, run_id, status);	{"logging-call-at": "updatetask.go:152"}
2024-09-24T15:50:39.839Z	[35mDEBUG[0m	---- Done ----	{"logging-call-at": "updatetask.go:169"}
2024-09-24T15:50:39.863Z	[35mDEBUG[0m	Schema updated from 1.0 to 1.1	{"logging-call-at": "updatetask.go:142"}
2024-09-24T15:50:39.864Z	[35mDEBUG[0m	---- Executing updates for version 1.2 ----	{"logging-call-at": "updatetask.go:150"}
2024-09-24T15:50:39.864Z	[35mDEBUG[0m	CREATE EXTENSION IF NOT EXISTS btree_gin;	{"logging-call-at": "updatetask.go:152"}
2024-09-24T15:50:40.383Z	[35mDEBUG[0m	CREATE FUNCTION convert_ts(s VARCHAR) RETURNS TIMESTAMP AS $$ BEGIN RETURN s::timestamptz at time zone 'UTC'; END $$ LANGUAGE plpgsql IMMUTABLE RETURNS NULL ON NULL INPUT;	{"logging-call-at": "updatetask.go:152"}
2024-09-24T15:50:40.447Z	[35mDEBUG[0m	ALTER TABLE executions_visibility ADD COLUMN search_attributes JSONB NULL;	{"logging-call-at": "updatetask.go:152"}
2024-09-24T15:50:40.457Z	[35mDEBUG[0m	ALTER TABLE executions_visibility ADD COLUMN TemporalChangeVersion JSONB GENERATED ALWAYS AS (search_attributes->'TemporalChangeVersion') STORED, ADD COLUMN BinaryChecksums JSONB GENERATED ALWAYS AS (search_attributes->'BinaryChecksums') STORED, ADD COLUMN BatcherUser VARCHAR(255) GENERATED ALWAYS AS (search_attributes->>'BatcherUser') STORED, ADD COLUMN TemporalScheduledStartTime TIMESTAMP GENERATED ALWAYS AS (convert_ts(search_attributes->>'TemporalScheduledStartTime')) STORED, ADD COLUMN TemporalScheduledById VARCHAR(255) GENERATED ALWAYS AS (search_attributes->>'TemporalScheduledById') STORED, ADD COLUMN TemporalSchedulePaused BOOLEAN GENERATED ALWAYS AS ((search_attributes->'TemporalSchedulePaused')::boolean) STORED, ADD COLUMN TemporalNamespaceDivision VARCHAR(255) GENERATED ALWAYS AS (search_attributes->>'TemporalNamespaceDivision') STORED;	{"logging-call-at": "updatetask.go:152"}
2024-09-24T15:50:41.252Z	[35mDEBUG[0m	ALTER TABLE executions_visibility ADD COLUMN Bool01 BOOLEAN GENERATED ALWAYS AS ((search_attributes->'Bool01')::boolean) STORED, ADD COLUMN Bool02 BOOLEAN GENERATED ALWAYS AS ((search_attributes->'Bool02')::boolean) STORED, ADD COLUMN Bool03 BOOLEAN GENERATED ALWAYS AS ((search_attributes->'Bool03')::boolean) STORED, ADD COLUMN Datetime01 TIMESTAMP GENERATED ALWAYS AS (convert_ts(search_attributes->>'Datetime01')) STORED, ADD COLUMN Datetime02 TIMESTAMP GENERATED ALWAYS AS (convert_ts(search_attributes->>'Datetime02')) STORED, ADD COLUMN Datetime03 TIMESTAMP GENERATED ALWAYS AS (convert_ts(search_attributes->>'Datetime03')) STORED, ADD COLUMN Double01 DECIMAL(20, 5) GENERATED ALWAYS AS ((search_attributes->'Double01')::decimal) STORED, ADD COLUMN Double02 DECIMAL(20, 5) GENERATED ALWAYS AS ((search_attributes->'Double02')::decimal) STORED, ADD COLUMN Double03 DECIMAL(20, 5) GENERATED ALWAYS AS ((search_attributes->'Double03')::decimal) STORED, ADD COLUMN Int01 BIGINT GENERATED ALWAYS AS ((search_attributes->'Int01')::bigint) STORED, ADD COLUMN Int02 BIGINT GENERATED ALWAYS AS ((search_attributes->'Int02')::bigint) STORED, ADD COLUMN Int03 BIGINT GENERATED ALWAYS AS ((search_attributes->'Int03')::bigint) STORED, ADD COLUMN Keyword01 VARCHAR(255) GENERATED ALWAYS AS (search_attributes->>'Keyword01') STORED, ADD COLUMN Keyword02 VARCHAR(255) GENERATED ALWAYS AS (search_attributes->>'Keyword02') STORED, ADD COLUMN Keyword03 VARCHAR(255) GENERATED ALWAYS AS (search_attributes->>'Keyword03') STORED, ADD COLUMN Keyword04 VARCHAR(255) GENERATED ALWAYS AS (search_attributes->>'Keyword04') STORED, ADD COLUMN Keyword05 VARCHAR(255) GENERATED ALWAYS AS (search_attributes->>'Keyword05') STORED, ADD COLUMN Keyword06 VARCHAR(255) GENERATED ALWAYS AS (search_attributes->>'Keyword06') STORED, ADD COLUMN Keyword07 VARCHAR(255) GENERATED ALWAYS AS (search_attributes->>'Keyword07') STORED, ADD COLUMN Keyword08 VARCHAR(255) GENERATED ALWAYS AS (search_attributes->>'Keyword08') STORED, ADD COLUMN Keyword09 VARCHAR(255) GENERATED ALWAYS AS (search_attributes->>'Keyword09') STORED, ADD COLUMN Keyword10 VARCHAR(255) GENERATED ALWAYS AS (search_attributes->>'Keyword10') STORED, ADD COLUMN Text01 TSVECTOR GENERATED ALWAYS AS ((search_attributes->>'Text01')::tsvector) STORED, ADD COLUMN Text02 TSVECTOR GENERATED ALWAYS AS ((search_attributes->>'Text02')::tsvector) STORED, ADD COLUMN Text03 TSVECTOR GENERATED ALWAYS AS ((search_attributes->>'Text03')::tsvector) STORED, ADD COLUMN KeywordList01 JSONB GENERATED ALWAYS AS (search_attributes->'KeywordList01') STORED, ADD COLUMN KeywordList02 JSONB GENERATED ALWAYS AS (search_attributes->'KeywordList02') STORED, ADD COLUMN KeywordList03 JSONB GENERATED ALWAYS AS (search_attributes->'KeywordList03') STORED;	{"logging-call-at": "updatetask.go:152"}
2024-09-24T15:50:41.703Z	[35mDEBUG[0m	DROP INDEX by_type_start_time;	{"logging-call-at": "updatetask.go:152"}
2024-09-24T15:50:41.723Z	[35mDEBUG[0m	DROP INDEX by_workflow_id_start_time;	{"logging-call-at": "updatetask.go:152"}
2024-09-24T15:50:41.755Z	[35mDEBUG[0m	DROP INDEX by_status_by_start_time;	{"logging-call-at": "updatetask.go:152"}
2024-09-24T15:50:41.785Z	[35mDEBUG[0m	DROP INDEX by_type_close_time;	{"logging-call-at": "updatetask.go:152"}
2024-09-24T15:50:41.811Z	[35mDEBUG[0m	DROP INDEX by_workflow_id_close_time;	{"logging-call-at": "updatetask.go:152"}
2024-09-24T15:50:41.876Z	[35mDEBUG[0m	DROP INDEX by_status_by_close_time;	{"logging-call-at": "updatetask.go:152"}
2024-09-24T15:50:41.901Z	[35mDEBUG[0m	DROP INDEX by_close_time_by_status;	{"logging-call-at": "updatetask.go:152"}
2024-09-24T15:50:41.920Z	[35mDEBUG[0m	CREATE INDEX default_idx ON executions_visibility (namespace_id, (COALESCE(close_time, '9999-12-31 23:59:59')) DESC, start_time DESC, run_id);	{"logging-call-at": "updatetask.go:152"}
2024-09-24T15:50:41.955Z	[35mDEBUG[0m	CREATE INDEX by_execution_time ON executions_visibility (namespace_id, execution_time, (COALESCE(close_time, '9999-12-31 23:59:59')) DESC, start_time DESC, run_id);	{"logging-call-at": "updatetask.go:152"}
2024-09-24T15:50:41.999Z	[35mDEBUG[0m	CREATE INDEX by_workflow_id ON executions_visibility (namespace_id, workflow_id, (COALESCE(close_time, '9999-12-31 23:59:59')) DESC, start_time DESC, run_id);	{"logging-call-at": "updatetask.go:152"}
2024-09-24T15:50:42.088Z	[35mDEBUG[0m	CREATE INDEX by_workflow_type ON executions_visibility (namespace_id, workflow_type_name, (COALESCE(close_time, '9999-12-31 23:59:59')) DESC, start_time DESC, run_id);	{"logging-call-at": "updatetask.go:152"}
2024-09-24T15:50:42.141Z	[35mDEBUG[0m	CREATE INDEX by_status ON executions_visibility (namespace_id, status, (COALESCE(close_time, '9999-12-31 23:59:59')) DESC, start_time DESC, run_id);	{"logging-call-at": "updatetask.go:152"}
2024-09-24T15:50:42.185Z	[35mDEBUG[0m	CREATE INDEX by_history_length ON executions_visibility (namespace_id, history_length, (COALESCE(close_time, '9999-12-31 23:59:59')) DESC, start_time DESC, run_id);	{"logging-call-at": "updatetask.go:152"}
2024-09-24T15:50:42.226Z	[35mDEBUG[0m	CREATE INDEX by_task_queue ON executions_visibility (namespace_id, task_queue, (COALESCE(close_time, '9999-12-31 23:59:59')) DESC, start_time DESC, run_id);	{"logging-call-at": "updatetask.go:152"}
2024-09-24T15:50:42.286Z	[35mDEBUG[0m	CREATE INDEX by_temporal_change_version ON executions_visibility USING GIN (namespace_id, TemporalChangeVersion jsonb_path_ops);	{"logging-call-at": "updatetask.go:152"}
2024-09-24T15:50:42.324Z	[35mDEBUG[0m	CREATE INDEX by_binary_checksums ON executions_visibility USING GIN (namespace_id, BinaryChecksums jsonb_path_ops);	{"logging-call-at": "updatetask.go:152"}
2024-09-24T15:50:42.369Z	[35mDEBUG[0m	CREATE INDEX by_batcher_user ON executions_visibility (namespace_id, BatcherUser, (COALESCE(close_time, '9999-12-31 23:59:59')) DESC, start_time DESC, run_id);	{"logging-call-at": "updatetask.go:152"}
2024-09-24T15:50:42.405Z	[35mDEBUG[0m	CREATE INDEX by_temporal_scheduled_start_time ON executions_visibility (namespace_id, TemporalScheduledStartTime, (COALESCE(close_time, '9999-12-31 23:59:59')) DESC, start_time DESC, run_id);	{"logging-call-at": "updatetask.go:152"}
2024-09-24T15:50:42.475Z	[35mDEBUG[0m	CREATE INDEX by_temporal_scheduled_by_id ON executions_visibility (namespace_id, TemporalScheduledById, (COALESCE(close_time, '9999-12-31 23:59:59')) DESC, start_time DESC, run_id);	{"logging-call-at": "updatetask.go:152"}
2024-09-24T15:50:42.532Z	[35mDEBUG[0m	CREATE INDEX by_temporal_schedule_paused ON executions_visibility (namespace_id, TemporalSchedulePaused, (COALESCE(close_time, '9999-12-31 23:59:59')) DESC, start_time DESC, run_id);	{"logging-call-at": "updatetask.go:152"}
2024-09-24T15:50:42.580Z	[35mDEBUG[0m	CREATE INDEX by_temporal_namespace_division ON executions_visibility (namespace_id, TemporalNamespaceDivision, (COALESCE(close_time, '9999-12-31 23:59:59')) DESC, start_time DESC, run_id);	{"logging-call-at": "updatetask.go:152"}
2024-09-24T15:50:42.622Z	[35mDEBUG[0m	CREATE INDEX by_bool_01 ON executions_visibility (namespace_id, Bool01, (COALESCE(close_time, '9999-12-31 23:59:59')) DESC, start_time DESC, run_id);	{"logging-call-at": "updatetask.go:152"}
2024-09-24T15:50:42.668Z	[35mDEBUG[0m	CREATE INDEX by_bool_02 ON executions_visibility (namespace_id, Bool02, (COALESCE(close_time, '9999-12-31 23:59:59')) DESC, start_time DESC, run_id);	{"logging-call-at": "updatetask.go:152"}
2024-09-24T15:50:42.710Z	[35mDEBUG[0m	CREATE INDEX by_bool_03 ON executions_visibility (namespace_id, Bool03, (COALESCE(close_time, '9999-12-31 23:59:59')) DESC, start_time DESC, run_id);	{"logging-call-at": "updatetask.go:152"}
2024-09-24T15:50:42.758Z	[35mDEBUG[0m	CREATE INDEX by_datetime_01 ON executions_visibility (namespace_id, Datetime01, (COALESCE(close_time, '9999-12-31 23:59:59')) DESC, start_time DESC, run_id);	{"logging-call-at": "updatetask.go:152"}
2024-09-24T15:50:42.810Z	[35mDEBUG[0m	CREATE INDEX by_datetime_02 ON executions_visibility (namespace_id, Datetime02, (COALESCE(close_time, '9999-12-31 23:59:59')) DESC, start_time DESC, run_id);	{"logging-call-at": "updatetask.go:152"}
2024-09-24T15:50:42.837Z	[35mDEBUG[0m	CREATE INDEX by_datetime_03 ON executions_visibility (namespace_id, Datetime03, (COALESCE(close_time, '9999-12-31 23:59:59')) DESC, start_time DESC, run_id);	{"logging-call-at": "updatetask.go:152"}
2024-09-24T15:50:42.897Z	[35mDEBUG[0m	CREATE INDEX by_double_01 ON executions_visibility (namespace_id, Double01, (COALESCE(close_time, '9999-12-31 23:59:59')) DESC, start_time DESC, run_id);	{"logging-call-at": "updatetask.go:152"}
2024-09-24T15:50:42.966Z	[35mDEBUG[0m	CREATE INDEX by_double_02 ON executions_visibility (namespace_id, Double02, (COALESCE(close_time, '9999-12-31 23:59:59')) DESC, start_time DESC, run_id);	{"logging-call-at": "updatetask.go:152"}
2024-09-24T15:50:43.045Z	[35mDEBUG[0m	CREATE INDEX by_double_03 ON executions_visibility (namespace_id, Double03, (COALESCE(close_time, '9999-12-31 23:59:59')) DESC, start_time DESC, run_id);	{"logging-call-at": "updatetask.go:152"}
2024-09-24T15:50:43.151Z	[35mDEBUG[0m	CREATE INDEX by_int_01 ON executions_visibility (namespace_id, Int01, (COALESCE(close_time, '9999-12-31 23:59:59')) DESC, start_time DESC, run_id);	{"logging-call-at": "updatetask.go:152"}
2024-09-24T15:50:43.217Z	[35mDEBUG[0m	CREATE INDEX by_int_02 ON executions_visibility (namespace_id, Int02, (COALESCE(close_time, '9999-12-31 23:59:59')) DESC, start_time DESC, run_id);	{"logging-call-at": "updatetask.go:152"}
2024-09-24T15:50:43.290Z	[35mDEBUG[0m	CREATE INDEX by_int_03 ON executions_visibility (namespace_id, Int03, (COALESCE(close_time, '9999-12-31 23:59:59')) DESC, start_time DESC, run_id);	{"logging-call-at": "updatetask.go:152"}
2024-09-24T15:50:43.337Z	[35mDEBUG[0m	CREATE INDEX by_keyword_01 ON executions_visibility (namespace_id, Keyword01, (COALESCE(close_time, '9999-12-31 23:59:59')) DESC, start_time DESC, run_id);	{"logging-call-at": "updatetask.go:152"}
2024-09-24T15:50:43.406Z	[35mDEBUG[0m	CREATE INDEX by_keyword_02 ON executions_visibility (namespace_id, Keyword02, (COALESCE(close_time, '9999-12-31 23:59:59')) DESC, start_time DESC, run_id);	{"logging-call-at": "updatetask.go:152"}
2024-09-24T15:50:43.480Z	[35mDEBUG[0m	CREATE INDEX by_keyword_03 ON executions_visibility (namespace_id, Keyword03, (COALESCE(close_time, '9999-12-31 23:59:59')) DESC, start_time DESC, run_id);	{"logging-call-at": "updatetask.go:152"}
2024-09-24T15:50:43.534Z	[35mDEBUG[0m	CREATE INDEX by_keyword_04 ON executions_visibility (namespace_id, Keyword04, (COALESCE(close_time, '9999-12-31 23:59:59')) DESC, start_time DESC, run_id);	{"logging-call-at": "updatetask.go:152"}
2024-09-24T15:50:43.661Z	[35mDEBUG[0m	CREATE INDEX by_keyword_05 ON executions_visibility (namespace_id, Keyword05, (COALESCE(close_time, '9999-12-31 23:59:59')) DESC, start_time DESC, run_id);	{"logging-call-at": "updatetask.go:152"}
2024-09-24T15:50:43.722Z	[35mDEBUG[0m	CREATE INDEX by_keyword_06 ON executions_visibility (namespace_id, Keyword06, (COALESCE(close_time, '9999-12-31 23:59:59')) DESC, start_time DESC, run_id);	{"logging-call-at": "updatetask.go:152"}
2024-09-24T15:50:43.793Z	[35mDEBUG[0m	CREATE INDEX by_keyword_07 ON executions_visibility (namespace_id, Keyword07, (COALESCE(close_time, '9999-12-31 23:59:59')) DESC, start_time DESC, run_id);	{"logging-call-at": "updatetask.go:152"}
2024-09-24T15:50:43.868Z	[35mDEBUG[0m	CREATE INDEX by_keyword_08 ON executions_visibility (namespace_id, Keyword08, (COALESCE(close_time, '9999-12-31 23:59:59')) DESC, start_time DESC, run_id);	{"logging-call-at": "updatetask.go:152"}
2024-09-24T15:50:43.938Z	[35mDEBUG[0m	CREATE INDEX by_keyword_09 ON executions_visibility (namespace_id, Keyword09, (COALESCE(close_time, '9999-12-31 23:59:59')) DESC, start_time DESC, run_id);	{"logging-call-at": "updatetask.go:152"}
2024-09-24T15:50:43.980Z	[35mDEBUG[0m	CREATE INDEX by_keyword_10 ON executions_visibility (namespace_id, Keyword10, (COALESCE(close_time, '9999-12-31 23:59:59')) DESC, start_time DESC, run_id);	{"logging-call-at": "updatetask.go:152"}
2024-09-24T15:50:44.043Z	[35mDEBUG[0m	CREATE INDEX by_text_01 ON executions_visibility USING GIN (namespace_id, Text01);	{"logging-call-at": "updatetask.go:152"}
2024-09-24T15:50:44.106Z	[35mDEBUG[0m	CREATE INDEX by_text_02 ON executions_visibility USING GIN (namespace_id, Text02);	{"logging-call-at": "updatetask.go:152"}
2024-09-24T15:50:44.157Z	[35mDEBUG[0m	CREATE INDEX by_text_03 ON executions_visibility USING GIN (namespace_id, Text03);	{"logging-call-at": "updatetask.go:152"}
2024-09-24T15:50:44.248Z	[35mDEBUG[0m	CREATE INDEX by_keyword_list_01 ON executions_visibility USING GIN (namespace_id, KeywordList01 jsonb_path_ops);	{"logging-call-at": "updatetask.go:152"}
2024-09-24T15:50:44.380Z	[35mDEBUG[0m	CREATE INDEX by_keyword_list_02 ON executions_visibility USING GIN (namespace_id, KeywordList02 jsonb_path_ops);	{"logging-call-at": "updatetask.go:152"}
2024-09-24T15:50:44.535Z	[35mDEBUG[0m	CREATE INDEX by_keyword_list_03 ON executions_visibility USING GIN (namespace_id, KeywordList03 jsonb_path_ops);	{"logging-call-at": "updatetask.go:152"}
2024-09-24T15:50:44.588Z	[35mDEBUG[0m	---- Done ----	{"logging-call-at": "updatetask.go:169"}
2024-09-24T15:50:44.630Z	[35mDEBUG[0m	Schema updated from 1.1 to 1.2	{"logging-call-at": "updatetask.go:142"}
2024-09-24T15:50:44.630Z	[35mDEBUG[0m	---- Executing updates for version 1.3 ----	{"logging-call-at": "updatetask.go:150"}
2024-09-24T15:50:44.635Z	[35mDEBUG[0m	ALTER TABLE executions_visibility ADD COLUMN history_size_bytes BIGINT NULL;	{"logging-call-at": "updatetask.go:152"}
2024-09-24T15:50:44.714Z	[35mDEBUG[0m	CREATE INDEX by_history_size_bytes ON executions_visibility (namespace_id, history_size_bytes, (COALESCE(close_time, '9999-12-31 23:59:59')) DESC, start_time DESC, run_id);	{"logging-call-at": "updatetask.go:152"}
2024-09-24T15:50:44.805Z	[35mDEBUG[0m	ALTER TABLE executions_visibility ADD COLUMN BuildIds JSONB GENERATED ALWAYS AS (search_attributes->'BuildIds') STORED;	{"logging-call-at": "updatetask.go:152"}
2024-09-24T15:50:47.216Z	[35mDEBUG[0m	CREATE INDEX by_build_ids ON executions_visibility USING GIN (namespace_id, BuildIds jsonb_path_ops);	{"logging-call-at": "updatetask.go:152"}
2024-09-24T15:50:47.261Z	[35mDEBUG[0m	---- Done ----	{"logging-call-at": "updatetask.go:169"}
2024-09-24T15:50:47.273Z	[35mDEBUG[0m	Schema updated from 1.2 to 1.3	{"logging-call-at": "updatetask.go:142"}
2024-09-24T15:50:47.273Z	[34mINFO[0m	UpdateSchemeTask done	{"logging-call-at": "updatetask.go:120"}
2024-09-24T15:50:47.668Z Starting Temporal v1.22.7 server ...
2024/09/24 15:50:49 Loading config; env=development-postgres,zone=,configDir=/tmp/appsmith/temporal/config
2024/09/24 15:50:49 Loading config files=[/tmp/appsmith/temporal/config/development-postgres.yaml]
{"level":"error","ts":"2024-09-24T15:51:01.012Z","msg":"Operation failed with an error.","error":"pq: canceling statement due to user request","logging-call-at":"visiblity_manager_metrics.go:264","stacktrace":"go.temporal.io/server/common/log.(*zapLogger).Error\n\t/home/runner/work/temporal/temporal/common/log/zap_logger.go:156\ngo.temporal.io/server/common/persistence/visibility.(*visibilityManagerMetrics).updateErrorMetric\n\t/home/runner/work/temporal/temporal/common/persistence/visibility/visiblity_manager_metrics.go:264\ngo.temporal.io/server/common/persistence/visibility.(*visibilityManagerMetrics).RecordWorkflowExecutionStarted\n\t/home/runner/work/temporal/temporal/common/persistence/visibility/visiblity_manager_metrics.go:98\ngo.temporal.io/server/service/history.(*visibilityQueueTaskExecutor).recordStartExecution\n\t/home/runner/work/temporal/temporal/service/history/visibility_queue_task_executor.go:290\ngo.temporal.io/server/service/history.(*visibilityQueueTaskExecutor).processStartExecution\n\t/home/runner/work/temporal/temporal/service/history/visibility_queue_task_executor.go:179\ngo.temporal.io/server/service/history.(*visibilityQueueTaskExecutor).Execute\n\t/home/runner/work/temporal/temporal/service/history/visibility_queue_task_executor.go:116\ngo.temporal.io/server/service/history/queues.(*executableImpl).Execute\n\t/home/runner/work/temporal/temporal/service/history/queues/executable.go:243\ngo.temporal.io/server/common/tasks.(*FIFOScheduler[...]).executeTask.func1\n\t/home/runner/work/temporal/temporal/common/tasks/fifo_scheduler.go:223\ngo.temporal.io/server/common/backoff.ThrottleRetry.func1\n\t/home/runner/work/temporal/temporal/common/backoff/retry.go:119\ngo.temporal.io/server/common/backoff.ThrottleRetryContext\n\t/home/runner/work/temporal/temporal/common/backoff/retry.go:145\ngo.temporal.io/server/common/backoff.ThrottleRetry\n\t/home/runner/work/temporal/temporal/common/backoff/retry.go:120\ngo.temporal.io/server/common/tasks.(*FIFOScheduler[...]).executeTask\n\t/home/runner/work/temporal/temporal/common/tasks/fifo_scheduler.go:233\ngo.temporal.io/server/common/tasks.(*FIFOScheduler[...]).processTask\n\t/home/runner/work/temporal/temporal/common/tasks/fifo_scheduler.go:211"}
{"level":"error","ts":"2024-09-24T15:51:01.013Z","msg":"Fail to process task","shard-id":4,"address":"172.18.0.2:7234","component":"visibility-queue-processor","wf-namespace-id":"32049b68-7872-4094-8e63-d0dd59896a83","wf-id":"temporal-sys-tq-scanner","wf-run-id":"61ecf06a-ff59-4901-bca1-886648975578","queue-task-id":1048580,"queue-task-visibility-timestamp":"2024-09-24T15:50:55.854Z","queue-task-type":"VisibilityStartExecution","queue-task":{"NamespaceID":"32049b68-7872-4094-8e63-d0dd59896a83","WorkflowID":"temporal-sys-tq-scanner","RunID":"61ecf06a-ff59-4901-bca1-886648975578","VisibilityTimestamp":"2024-09-24T15:50:55.854763382Z","TaskID":1048580,"Version":0},"wf-history-event-id":0,"error":"pq: canceling statement due to user request","lifecycle":"ProcessingFailed","logging-call-at":"lazy_logger.go:68","stacktrace":"go.temporal.io/server/common/log.(*zapLogger).Error\n\t/home/runner/work/temporal/temporal/common/log/zap_logger.go:156\ngo.temporal.io/server/common/log.(*lazyLogger).Error\n\t/home/runner/work/temporal/temporal/common/log/lazy_logger.go:68\ngo.temporal.io/server/service/history/queues.(*executableImpl).HandleErr\n\t/home/runner/work/temporal/temporal/service/history/queues/executable.go:361\ngo.temporal.io/server/common/tasks.(*FIFOScheduler[...]).executeTask.func1\n\t/home/runner/work/temporal/temporal/common/tasks/fifo_scheduler.go:224\ngo.temporal.io/server/common/backoff.ThrottleRetry.func1\n\t/home/runner/work/temporal/temporal/common/backoff/retry.go:119\ngo.temporal.io/server/common/backoff.ThrottleRetryContext\n\t/home/runner/work/temporal/temporal/common/backoff/retry.go:145\ngo.temporal.io/server/common/backoff.ThrottleRetry\n\t/home/runner/work/temporal/temporal/common/backoff/retry.go:120\ngo.temporal.io/server/common/tasks.(*FIFOScheduler[...]).executeTask\n\t/home/runner/work/temporal/temporal/common/tasks/fifo_scheduler.go:233\ngo.temporal.io/server/common/tasks.(*FIFOScheduler[...]).processTask\n\t/home/runner/work/temporal/temporal/common/tasks/fifo_scheduler.go:211"}
{"level":"error","ts":"2024-09-24T15:51:02.342Z","msg":"Operation failed with internal error.","error":"GetHistoryTasks operation failed. Select failed. CategoryID: 5. Error: context deadline exceeded","operation":"GetArchivalTasks","logging-call-at":"persistence_metric_clients.go:1281","stacktrace":"go.temporal.io/server/common/log.(*zapLogger).Error\n\t/home/runner/work/temporal/temporal/common/log/zap_logger.go:156\ngo.temporal.io/server/common/persistence.updateErrorMetric\n\t/home/runner/work/temporal/temporal/common/persistence/persistence_metric_clients.go:1281\ngo.temporal.io/server/common/persistence.(*metricEmitter).recordRequestMetrics\n\t/home/runner/work/temporal/temporal/common/persistence/persistence_metric_clients.go:1258\ngo.temporal.io/server/common/persistence.(*executionPersistenceClient).GetHistoryTasks.func1\n\t/home/runner/work/temporal/temporal/common/persistence/persistence_metric_clients.go:400\ngo.temporal.io/server/common/persistence.(*executionPersistenceClient).GetHistoryTasks\n\t/home/runner/work/temporal/temporal/common/persistence/persistence_metric_clients.go:402\ngo.temporal.io/server/common/persistence.(*executionRetryablePersistenceClient).GetHistoryTasks.func1\n\t/home/runner/work/temporal/temporal/common/persistence/persistence_retryable_clients.go:380\ngo.temporal.io/server/common/backoff.ThrottleRetryContext\n\t/home/runner/work/temporal/temporal/common/backoff/retry.go:145\ngo.temporal.io/server/common/persistence.(*executionRetryablePersistenceClient).GetHistoryTasks\n\t/home/runner/work/temporal/temporal/common/persistence/persistence_retryable_clients.go:384\ngo.temporal.io/server/service/history/queues.NewScheduledQueue.func1.1\n\t/home/runner/work/temporal/temporal/service/history/queues/queue_scheduled.go:95\ngo.temporal.io/server/common/collection.(*PagingIteratorImpl[...]).getNextPage\n\t/home/runner/work/temporal/temporal/common/collection/paging_iterator.go:116\ngo.temporal.io/server/common/collection.NewPagingIterator[...]\n\t/home/runner/work/temporal/temporal/common/collection/paging_iterator.go:52\ngo.temporal.io/server/service/history/queues.(*IteratorImpl).HasNext\n\t/home/runner/work/temporal/temporal/service/history/queues/iterator.go:74\ngo.temporal.io/server/service/history/queues.(*SliceImpl).SelectTasks\n\t/home/runner/work/temporal/temporal/service/history/queues/slice.go:375\ngo.temporal.io/server/service/history/queues.(*ReaderImpl).loadAndSubmitTasks\n\t/home/runner/work/temporal/temporal/service/history/queues/reader.go:468\ngo.temporal.io/server/service/history/queues.(*ReaderImpl).eventLoop\n\t/home/runner/work/temporal/temporal/service/history/queues/reader.go:436"}
{"level":"error","ts":"2024-09-24T15:51:02.342Z","msg":"Queue reader unable to retrieve tasks","shard-id":5,"address":"172.18.0.2:7234","component":"archival-queue-processor","queue-reader-id":0,"error":"GetHistoryTasks operation failed. Select failed. CategoryID: 5. Error: context deadline exceeded","logging-call-at":"reader.go:470","stacktrace":"go.temporal.io/server/common/log.(*zapLogger).Error\n\t/home/runner/work/temporal/temporal/common/log/zap_logger.go:156\ngo.temporal.io/server/service/history/queues.(*ReaderImpl).loadAndSubmitTasks\n\t/home/runner/work/temporal/temporal/service/history/queues/reader.go:470\ngo.temporal.io/server/service/history/queues.(*ReaderImpl).eventLoop\n\t/home/runner/work/temporal/temporal/service/history/queues/reader.go:436"}
{"level":"error","ts":"2024-09-24T15:51:03.954Z","msg":"Operation failed with an error.","error":"pq: canceling statement due to user request","logging-call-at":"visiblity_manager_metrics.go:264","stacktrace":"go.temporal.io/server/common/log.(*zapLogger).Error\n\t/home/runner/work/temporal/temporal/common/log/zap_logger.go:156\ngo.temporal.io/server/common/persistence/visibility.(*visibilityManagerMetrics).updateErrorMetric\n\t/home/runner/work/temporal/temporal/common/persistence/visibility/visiblity_manager_metrics.go:264\ngo.temporal.io/server/common/persistence/visibility.(*visibilityManagerMetrics).RecordWorkflowExecutionStarted\n\t/home/runner/work/temporal/temporal/common/persistence/visibility/visiblity_manager_metrics.go:98\ngo.temporal.io/server/service/history.(*visibilityQueueTaskExecutor).recordStartExecution\n\t/home/runner/work/temporal/temporal/service/history/visibility_queue_task_executor.go:290\ngo.temporal.io/server/service/history.(*visibilityQueueTaskExecutor).processStartExecution\n\t/home/runner/work/temporal/temporal/service/history/visibility_queue_task_executor.go:179\ngo.temporal.io/server/service/history.(*visibilityQueueTaskExecutor).Execute\n\t/home/runner/work/temporal/temporal/service/history/visibility_queue_task_executor.go:116\ngo.temporal.io/server/service/history/queues.(*executableImpl).Execute\n\t/home/runner/work/temporal/temporal/service/history/queues/executable.go:243\ngo.temporal.io/server/common/tasks.(*FIFOScheduler[...]).executeTask.func1\n\t/home/runner/work/temporal/temporal/common/tasks/fifo_scheduler.go:223\ngo.temporal.io/server/common/backoff.ThrottleRetry.func1\n\t/home/runner/work/temporal/temporal/common/backoff/retry.go:119\ngo.temporal.io/server/common/backoff.ThrottleRetryContext\n\t/home/runner/work/temporal/temporal/common/backoff/retry.go:145\ngo.temporal.io/server/common/backoff.ThrottleRetry\n\t/home/runner/work/temporal/temporal/common/backoff/retry.go:120\ngo.temporal.io/server/common/tasks.(*FIFOScheduler[...]).executeTask\n\t/home/runner/work/temporal/temporal/common/tasks/fifo_scheduler.go:233\ngo.temporal.io/server/common/tasks.(*FIFOScheduler[...]).processTask\n\t/home/runner/work/temporal/temporal/common/tasks/fifo_scheduler.go:211"}
{"level":"error","ts":"2024-09-24T15:51:03.954Z","msg":"Fail to process task","shard-id":10,"address":"172.18.0.2:7234","component":"visibility-queue-processor","wf-namespace-id":"32049b68-7872-4094-8e63-d0dd59896a83","wf-id":"temporal-sys-history-scanner","wf-run-id":"70d8219e-e9e0-487e-b3b9-465f091f4987","queue-task-id":1048578,"queue-task-visibility-timestamp":"2024-09-24T15:50:56.808Z","queue-task-type":"VisibilityStartExecution","queue-task":{"NamespaceID":"32049b68-7872-4094-8e63-d0dd59896a83","WorkflowID":"temporal-sys-history-scanner","RunID":"70d8219e-e9e0-487e-b3b9-465f091f4987","VisibilityTimestamp":"2024-09-24T15:50:56.80848577Z","TaskID":1048578,"Version":0},"wf-history-event-id":0,"error":"pq: canceling statement due to user request","lifecycle":"ProcessingFailed","logging-call-at":"lazy_logger.go:68","stacktrace":"go.temporal.io/server/common/log.(*zapLogger).Error\n\t/home/runner/work/temporal/temporal/common/log/zap_logger.go:156\ngo.temporal.io/server/common/log.(*lazyLogger).Error\n\t/home/runner/work/temporal/temporal/common/log/lazy_logger.go:68\ngo.temporal.io/server/service/history/queues.(*executableImpl).HandleErr\n\t/home/runner/work/temporal/temporal/service/history/queues/executable.go:361\ngo.temporal.io/server/common/tasks.(*FIFOScheduler[...]).executeTask.func1\n\t/home/runner/work/temporal/temporal/common/tasks/fifo_scheduler.go:224\ngo.temporal.io/server/common/backoff.ThrottleRetry.func1\n\t/home/runner/work/temporal/temporal/common/backoff/retry.go:119\ngo.temporal.io/server/common/backoff.ThrottleRetryContext\n\t/home/runner/work/temporal/temporal/common/backoff/retry.go:145\ngo.temporal.io/server/common/backoff.ThrottleRetry\n\t/home/runner/work/temporal/temporal/common/backoff/retry.go:120\ngo.temporal.io/server/common/tasks.(*FIFOScheduler[...]).executeTask\n\t/home/runner/work/temporal/temporal/common/tasks/fifo_scheduler.go:233\ngo.temporal.io/server/common/tasks.(*FIFOScheduler[...]).processTask\n\t/home/runner/work/temporal/temporal/common/tasks/fifo_scheduler.go:211"}
{"level":"error","ts":"2024-09-24T15:51:04.665Z","msg":"Operation failed with an error.","error":"context deadline exceeded","logging-call-at":"visiblity_manager_metrics.go:264","stacktrace":"go.temporal.io/server/common/log.(*zapLogger).Error\n\t/home/runner/work/temporal/temporal/common/log/zap_logger.go:156\ngo.temporal.io/server/common/persistence/visibility.(*visibilityManagerMetrics).updateErrorMetric\n\t/home/runner/work/temporal/temporal/common/persistence/visibility/visiblity_manager_metrics.go:264\ngo.temporal.io/server/common/persistence/visibility.(*visibilityManagerMetrics).RecordWorkflowExecutionStarted\n\t/home/runner/work/temporal/temporal/common/persistence/visibility/visiblity_manager_metrics.go:98\ngo.temporal.io/server/service/history.(*visibilityQueueTaskExecutor).recordStartExecution\n\t/home/runner/work/temporal/temporal/service/history/visibility_queue_task_executor.go:290\ngo.temporal.io/server/service/history.(*visibilityQueueTaskExecutor).processStartExecution\n\t/home/runner/work/temporal/temporal/service/history/visibility_queue_task_executor.go:179\ngo.temporal.io/server/service/history.(*visibilityQueueTaskExecutor).Execute\n\t/home/runner/work/temporal/temporal/service/history/visibility_queue_task_executor.go:116\ngo.temporal.io/server/service/history/queues.(*executableImpl).Execute\n\t/home/runner/work/temporal/temporal/service/history/queues/executable.go:243\ngo.temporal.io/server/common/tasks.(*FIFOScheduler[...]).executeTask.func1\n\t/home/runner/work/temporal/temporal/common/tasks/fifo_scheduler.go:223\ngo.temporal.io/server/common/backoff.ThrottleRetry.func1\n\t/home/runner/work/temporal/temporal/common/backoff/retry.go:119\ngo.temporal.io/server/common/backoff.ThrottleRetryContext\n\t/home/runner/work/temporal/temporal/common/backoff/retry.go:145\ngo.temporal.io/server/common/backoff.ThrottleRetry\n\t/home/runner/work/temporal/temporal/common/backoff/retry.go:120\ngo.temporal.io/server/common/tasks.(*FIFOScheduler[...]).executeTask\n\t/home/runner/work/temporal/temporal/common/tasks/fifo_scheduler.go:233\ngo.temporal.io/server/common/tasks.(*FIFOScheduler[...]).processTask\n\t/home/runner/work/temporal/temporal/common/tasks/fifo_scheduler.go:211"}
{"level":"error","ts":"2024-09-24T15:51:04.666Z","msg":"Fail to process task","shard-id":4,"address":"172.18.0.2:7234","component":"visibility-queue-processor","wf-namespace-id":"32049b68-7872-4094-8e63-d0dd59896a83","wf-id":"temporal-sys-tq-scanner","wf-run-id":"61ecf06a-ff59-4901-bca1-886648975578","queue-task-id":1048580,"queue-task-visibility-timestamp":"2024-09-24T15:50:55.854Z","queue-task-type":"VisibilityStartExecution","queue-task":{"NamespaceID":"32049b68-7872-4094-8e63-d0dd59896a83","WorkflowID":"temporal-sys-tq-scanner","RunID":"61ecf06a-ff59-4901-bca1-886648975578","VisibilityTimestamp":"2024-09-24T15:50:55.854763382Z","TaskID":1048580,"Version":0},"wf-history-event-id":0,"error":"context deadline exceeded","lifecycle":"ProcessingFailed","logging-call-at":"lazy_logger.go:68","stacktrace":"go.temporal.io/server/common/log.(*zapLogger).Error\n\t/home/runner/work/temporal/temporal/common/log/zap_logger.go:156\ngo.temporal.io/server/common/log.(*lazyLogger).Error\n\t/home/runner/work/temporal/temporal/common/log/lazy_logger.go:68\ngo.temporal.io/server/service/history/queues.(*executableImpl).HandleErr\n\t/home/runner/work/temporal/temporal/service/history/queues/executable.go:361\ngo.temporal.io/server/common/tasks.(*FIFOScheduler[...]).executeTask.func1\n\t/home/runner/work/temporal/temporal/common/tasks/fifo_scheduler.go:224\ngo.temporal.io/server/common/backoff.ThrottleRetry.func1\n\t/home/runner/work/temporal/temporal/common/backoff/retry.go:119\ngo.temporal.io/server/common/backoff.ThrottleRetryContext\n\t/home/runner/work/temporal/temporal/common/backoff/retry.go:145\ngo.temporal.io/server/common/backoff.ThrottleRetry\n\t/home/runner/work/temporal/temporal/common/backoff/retry.go:120\ngo.temporal.io/server/common/tasks.(*FIFOScheduler[...]).executeTask\n\t/home/runner/work/temporal/temporal/common/tasks/fifo_scheduler.go:233\ngo.temporal.io/server/common/tasks.(*FIFOScheduler[...]).processTask\n\t/home/runner/work/temporal/temporal/common/tasks/fifo_scheduler.go:211"}
