2024-09-24T16:03:48.441Z Load environment configuration
2024-09-24T16:03:52.211 server info: ===================================================================
2024-09-24T16:03:52.247 server info: scimgateway[server] accepting requests from all clients
2024-09-24T16:03:52.276 server info: scimgateway[server] now listening SCIM 2.0 on port 8886...

Checking if Temporal server is running...
RTS version v1.41 running at http://localhost:8091
Not able to connect to Temporal server: Failed to connect before the deadline
Temporal server is not running. Retrying attempt 1/50 in 20 seconds...
Checking if Temporal server is running...
Temporal server is running.
Instance: Connection {
  options: {
    address: 'localhost:7233',
    credentials: InsecureChannelCredentialsImpl {
      callCredentials: EmptyCallCredentials {}
    },
    channelArgs: {
      'grpc.keepalive_permit_without_calls': 1,
      'grpc.keepalive_time_ms': 30000,
      'grpc.keepalive_timeout_ms': 15000
    },
    interceptors: [ [Function (anonymous)] ],
    metadata: {
      'client-name': 'temporal-typescript',
      'client-version': '1.10.1'
    },
    connectTimeoutMs: 10000
  },
  client: ServiceClientImpl {
    [Symbol()]: [],
    [Symbol()]: [],
    [Symbol()]: undefined,
    [Symbol()]: ChannelImplementation { internalChannel: [InternalChannel] }
  },
  workflowService: Service {
    _listeners: {},
    rpcImpl: [Function (anonymous)],
    requestDelimited: false,
    responseDelimited: false,
    registerNamespace: [Function: registerNamespace],
    describeNamespace: [Function: describeNamespace],
    listNamespaces: [Function: listNamespaces],
    updateNamespace: [Function: updateNamespace],
    deprecateNamespace: [Function: deprecateNamespace],
    startWorkflowExecution: [Function: startWorkflowExecution],
    executeMultiOperation: [Function: executeMultiOperation],
    getWorkflowExecutionHistory: [Function: getWorkflowExecutionHistory],
    getWorkflowExecutionHistoryReverse: [Function: getWorkflowExecutionHistoryReverse],
    pollWorkflowTaskQueue: [Function: pollWorkflowTaskQueue],
    respondWorkflowTaskCompleted: [Function: respondWorkflowTaskCompleted],
    respondWorkflowTaskFailed: [Function: respondWorkflowTaskFailed],
    pollActivityTaskQueue: [Function: pollActivityTaskQueue],
    recordActivityTaskHeartbeat: [Function: recordActivityTaskHeartbeat],
    recordActivityTaskHeartbeatById: [Function: recordActivityTaskHeartbeatById],
    respondActivityTaskCompleted: [Function: respondActivityTaskCompleted],
    respondActivityTaskCompletedById: [Function: respondActivityTaskCompletedById],
    respondActivityTaskFailed: [Function: respondActivityTaskFailed],
    respondActivityTaskFailedById: [Function: respondActivityTaskFailedById],
    respondActivityTaskCanceled: [Function: respondActivityTaskCanceled],
    respondActivityTaskCanceledById: [Function: respondActivityTaskCanceledById],
    requestCancelWorkflowExecution: [Function: requestCancelWorkflowExecution],
    signalWorkflowExecution: [Function: signalWorkflowExecution],
    signalWithStartWorkflowExecution: [Function: signalWithStartWorkflowExecution],
    resetWorkflowExecution: [Function: resetWorkflowExecution],
    terminateWorkflowExecution: [Function: terminateWorkflowExecution],
    deleteWorkflowExecution: [Function: deleteWorkflowExecution],
    listOpenWorkflowExecutions: [Function: listOpenWorkflowExecutions],
    listClosedWorkflowExecutions: [Function: listClosedWorkflowExecutions],
    listWorkflowExecutions: [Function: listWorkflowExecutions],
    listArchivedWorkflowExecutions: [Function: listArchivedWorkflowExecutions],
    scanWorkflowExecutions: [Function: scanWorkflowExecutions],
    countWorkflowExecutions: [Function: countWorkflowExecutions],
    getSearchAttributes: [Function: getSearchAttributes],
    respondQueryTaskCompleted: [Function: respondQueryTaskCompleted],
    resetStickyTaskQueue: [Function: resetStickyTaskQueue],
    queryWorkflow: [Function: queryWorkflow],
    describeWorkflowExecution: [Function: describeWorkflowExecution],
    describeTaskQueue: [Function: describeTaskQueue],
    getClusterInfo: [Function: getClusterInfo],
    getSystemInfo: [Function: getSystemInfo],
    listTaskQueuePartitions: [Function: listTaskQueuePartitions],
    createSchedule: [Function: createSchedule],
    describeSchedule: [Function: describeSchedule],
    updateSchedule: [Function: updateSchedule],
    patchSchedule: [Function: patchSchedule],
    listScheduleMatchingTimes: [Function: listScheduleMatchingTimes],
    deleteSchedule: [Function: deleteSchedule],
    listSchedules: [Function: listSchedules],
    updateWorkerBuildIdCompatibility: [Function: updateWorkerBuildIdCompatibility],
    getWorkerBuildIdCompatibility: [Function: getWorkerBuildIdCompatibility],
    updateWorkerVersioningRules: [Function: updateWorkerVersioningRules],
    getWorkerVersioningRules: [Function: getWorkerVersioningRules],
    getWorkerTaskReachability: [Function: getWorkerTaskReachability],
    updateWorkflowExecution: [Function: updateWorkflowExecution],
    pollWorkflowExecutionUpdate: [Function: pollWorkflowExecutionUpdate],
    startBatchOperation: [Function: startBatchOperation],
    stopBatchOperation: [Function: stopBatchOperation],
    describeBatchOperation: [Function: describeBatchOperation],
    listBatchOperations: [Function: listBatchOperations],
    pollNexusTaskQueue: [Function: pollNexusTaskQueue],
    respondNexusTaskCompleted: [Function: respondNexusTaskCompleted],
    respondNexusTaskFailed: [Function: respondNexusTaskFailed]
  },
  operatorService: Service {
    _listeners: {},
    rpcImpl: [Function (anonymous)],
    requestDelimited: false,
    responseDelimited: false,
    addSearchAttributes: [Function: addSearchAttributes],
    removeSearchAttributes: [Function: removeSearchAttributes],
    listSearchAttributes: [Function: listSearchAttributes],
    deleteNamespace: [Function: deleteNamespace],
    addOrUpdateRemoteCluster: [Function: addOrUpdateRemoteCluster],
    removeRemoteCluster: [Function: removeRemoteCluster],
    listClusters: [Function: listClusters],
    getNexusEndpoint: [Function: getNexusEndpoint],
    createNexusEndpoint: [Function: createNexusEndpoint],
    updateNexusEndpoint: [Function: updateNexusEndpoint],
    deleteNexusEndpoint: [Function: deleteNexusEndpoint],
    listNexusEndpoints: [Function: listNexusEndpoints]
  },
  healthService: Service {
    _listeners: {},
    rpcImpl: [Function (anonymous)],
    requestDelimited: false,
    responseDelimited: false,
    check: [Function: check],
    watch: [Function: watch]
  },
  callContextStorage: AsyncLocalStorage {
    kResourceStore: Symbol(kResourceStore),
    enabled: true
  },
  apiKeyFnRef: {},
  connectPromise: Promise { undefined }
}
healthResponse {
  "success": true,
  "message": "Temporal server is serving",
  "data": {
    "temporalHealth": "SERVING",
    "namespaces": [
      {
        "namespace": "appsmith-test",
        "appsmithSearchAttributes": [
          "appsmithWorkflowId"
        ]
      },
      {
        "namespace": "default",
        "appsmithSearchAttributes": [
          "appsmithWorkflowId"
        ]
      }
    ],
    "persistenceStore": "postgres12",
    "visibilityStore": "postgres12"
  }
}
time 2024-09-24T16:04:25.525Z
2024-09-24T16:04:25.671Z [INFO] Creating worker {
  sdkComponent: 'worker',
  taskQueue: 'appsmith-queue',
  options: {
    namespace: 'default',
    identity: '1572@350b448ebd26',
    useVersioning: false,
    buildId: undefined,
    shutdownGraceTime: 0,
    maxConcurrentLocalActivityExecutions: 100,
    enableNonLocalActivities: true,
    maxConcurrentWorkflowTaskPolls: 10,
    maxConcurrentActivityTaskPolls: 10,
    stickyQueueScheduleToStartTimeout: '10s',
    maxHeartbeatThrottleInterval: '60s',
    defaultHeartbeatThrottleInterval: '30s',
    isolateExecutionTimeout: '5s',
    workflowThreadPoolSize: 1,
    maxCachedWorkflows: 1110,
    showStackTraceSources: false,
    debugMode: false,
    interceptors: { activity: [], workflowModules: [] },
    nonStickyToStickyPollRatio: 0.2,
    sinks: { __temporal_logger: [Object] },
    connection: NativeConnection {
      nativeClient: [External: 7f061c028eb0],
      referenceHolders: Set(0) {}
    },
    taskQueue: 'appsmith-queue',
    workflowsPath: '/opt/appsmith/rts/bundle/workflows.js',
    activities: Map(5) {
      'appsmithLog' => [Function: appsmithLog],
      'clearQuery' => [AsyncFunction: clearQuery],
      'createWorkflowRequest' => [AsyncFunction: createWorkflowRequest],
      'executeActivity' => [AsyncFunction: executeActivity],
      'sendAnalyticsEventFromTemporal' => [AsyncFunction: sendAnalyticsEventFromTemporal]
    },
    reuseV8Context: true,
    maxConcurrentWorkflowTaskExecutions: 40,
    maxConcurrentActivityTaskExecutions: 100,
    shutdownGraceTimeMs: 0,
    shutdownForceTimeMs: undefined,
    stickyQueueScheduleToStartTimeoutMs: 10000,
    isolateExecutionTimeoutMs: 5000,
    maxHeartbeatThrottleIntervalMs: 60000,
    defaultHeartbeatThrottleIntervalMs: 30000,
    loadedDataConverter: {
      payloadConverter: [DefaultPayloadConverter],
      failureConverter: [DefaultFailureConverter],
      payloadCodecs: []
    }
  }
}
2024-09-24T16:04:35.598Z [INFO] asset workflow-bundle-63bc4013fa026bc3a497.js 863 KiB [emitted] [immutable] (name: main)
runtime modules 937 bytes 4 modules
modules by path ../node_modules/@temporalio/ 208 KiB
  modules by path ../node_modules/@temporalio/common/lib/ 81.6 KiB
    modules by path ../node_modules/@temporalio/common/lib/*.js 56.9 KiB 16 modules
    modules by path ../node_modules/@temporalio/common/lib/converter/*.js 24.7 KiB 5 modules
  modules by path ../node_modules/@temporalio/workflow/ 126 KiB
    ../node_modules/@temporalio/workflow/lib/worker-interface.js 9.45 KiB [built] [code generated]
    + 17 modules
modules by path ./ 8.95 KiB
  ./workflows-autogenerated-entrypoint.cjs 423 bytes [built] [code generated]
  ./workflows.js 8.54 KiB [built] [code generated]
__temporal_custom_payload_converter (ignored) 15 bytes [built] [code generated]
__temporal_custom_failure_converter (ignored) 15 bytes [built] [code generated]
../node_modules/long/umd/index.js 43.1 KiB [built] [code generated]
../node_modules/ms/dist/index.cjs 3.41 KiB [built] [code generated]
webpack 5.94.0 compiled successfully in 6718 ms { sdkComponent: 'worker', taskQueue: 'appsmith-queue' }
2024-09-24T16:04:35.636Z [INFO] Workflow bundle created { sdkComponent: 'worker', taskQueue: 'appsmith-queue', size: '0.84MB' }
2024-09-24T16:04:37.116Z [INFO] Creating worker {
  sdkComponent: 'worker',
  taskQueue: 'appsmith-test-queue',
  options: {
    namespace: 'appsmith-test',
    identity: '1572@350b448ebd26',
    useVersioning: false,
    buildId: undefined,
    shutdownGraceTime: 0,
    maxConcurrentLocalActivityExecutions: 100,
    enableNonLocalActivities: true,
    maxConcurrentWorkflowTaskPolls: 10,
    maxConcurrentActivityTaskPolls: 10,
    stickyQueueScheduleToStartTimeout: '10s',
    maxHeartbeatThrottleInterval: '60s',
    defaultHeartbeatThrottleInterval: '30s',
    isolateExecutionTimeout: '5s',
    workflowThreadPoolSize: 1,
    maxCachedWorkflows: 1110,
    showStackTraceSources: false,
    debugMode: false,
    interceptors: { activity: [], workflowModules: [] },
    nonStickyToStickyPollRatio: 0.2,
    sinks: { __temporal_logger: [Object] },
    connection: NativeConnection {
      nativeClient: [External: 74dc000],
      referenceHolders: Set(0) {}
    },
    taskQueue: 'appsmith-test-queue',
    workflowsPath: '/opt/appsmith/rts/bundle/workflows.js',
    activities: Map(5) {
      'appsmithLog' => [Function: appsmithLog],
      'clearQuery' => [AsyncFunction: clearQuery],
      'createWorkflowRequest' => [AsyncFunction: createWorkflowRequest],
      'executeActivity' => [AsyncFunction: executeActivity],
      'sendAnalyticsEventFromTemporal' => [AsyncFunction: sendAnalyticsEventFromTemporal]
    },
    reuseV8Context: true,
    maxConcurrentWorkflowTaskExecutions: 40,
    maxConcurrentActivityTaskExecutions: 100,
    shutdownGraceTimeMs: 0,
    shutdownForceTimeMs: undefined,
    stickyQueueScheduleToStartTimeoutMs: 10000,
    isolateExecutionTimeoutMs: 5000,
    maxHeartbeatThrottleIntervalMs: 60000,
    defaultHeartbeatThrottleIntervalMs: 30000,
    loadedDataConverter: {
      payloadConverter: [DefaultPayloadConverter],
      failureConverter: [DefaultFailureConverter],
      payloadCodecs: []
    }
  }
}
2024-09-24T16:04:41.299Z [INFO] asset workflow-bundle-63bc4013fa026bc3a497.js 863 KiB [emitted] [immutable] (name: main)
runtime modules 937 bytes 4 modules
modules by path ../node_modules/@temporalio/ 208 KiB
  modules by path ../node_modules/@temporalio/common/lib/ 81.6 KiB
    modules by path ../node_modules/@temporalio/common/lib/*.js 56.9 KiB 16 modules
    modules by path ../node_modules/@temporalio/common/lib/converter/*.js 24.7 KiB 5 modules
  modules by path ../node_modules/@temporalio/workflow/ 126 KiB
    ../node_modules/@temporalio/workflow/lib/worker-interface.js 9.45 KiB [built] [code generated]
    + 17 modules
modules by path ./ 8.95 KiB
  ./workflows-autogenerated-entrypoint.cjs 423 bytes [built] [code generated]
  ./workflows.js 8.54 KiB [built] [code generated]
__temporal_custom_payload_converter (ignored) 15 bytes [built] [code generated]
__temporal_custom_failure_converter (ignored) 15 bytes [built] [code generated]
../node_modules/long/umd/index.js 43.1 KiB [built] [code generated]
../node_modules/ms/dist/index.cjs 3.41 KiB [built] [code generated]
webpack 5.94.0 compiled successfully in 4016 ms { sdkComponent: 'worker', taskQueue: 'appsmith-test-queue' }
2024-09-24T16:04:41.335Z [INFO] Workflow bundle created {
  sdkComponent: 'worker',
  taskQueue: 'appsmith-test-queue',
  size: '0.84MB'
}
2024-09-24T16:04:43.397Z [INFO] Worker state changed {
  sdkComponent: 'worker',
  taskQueue: 'appsmith-queue',
  state: 'RUNNING'
}
2024-09-24T16:04:43.440Z [INFO] Worker state changed {
  sdkComponent: 'worker',
  taskQueue: 'appsmith-test-queue',
  state: 'RUNNING'
}
2024-09-24T16:11:19.921 server debug: scimgateway[server] received terminate/kill signal - closing connections and exit
2024-09-24T16:11:19.925 server info: scimgateway[server] pheww... 0 requests have been processed in the period 2024-09-24T16:03:51.874 - 2024-09-24T16:11:19.925

2024-09-24T16:11:19.931Z [INFO] Worker state changed {
  sdkComponent: 'worker',
  taskQueue: 'appsmith-queue',
  state: 'STOPPING'
}
2024-09-24T16:11:19.932Z [INFO] Worker state changed {
  sdkComponent: 'worker',
  taskQueue: 'appsmith-test-queue',
  state: 'STOPPING'
}
2024-09-24T16:11:19.935Z [INFO] Worker state changed {
  sdkComponent: 'worker',
  taskQueue: 'appsmith-test-queue',
  state: 'DRAINING'
}
2024-09-24T16:11:19.935Z [INFO] Worker state changed {
  sdkComponent: 'worker',
  taskQueue: 'appsmith-queue',
  state: 'DRAINING'
}
2024-09-24T16:11:19.952Z [INFO] Worker state changed {
  sdkComponent: 'worker',
  taskQueue: 'appsmith-test-queue',
  state: 'DRAINED'
}
2024-09-24T16:11:19.953Z [INFO] Worker state changed {
  sdkComponent: 'worker',
  taskQueue: 'appsmith-test-queue',
  state: 'STOPPED'
}
2024-09-24T16:11:19.959Z [INFO] Worker state changed {
  sdkComponent: 'worker',
  taskQueue: 'appsmith-queue',
  state: 'DRAINED'
}
2024-09-24T16:11:19.960Z [INFO] Worker state changed {
  sdkComponent: 'worker',
  taskQueue: 'appsmith-queue',
  state: 'STOPPED'
}
2024-09-24T17:59:12.979Z Load environment configuration
2024-09-24T17:59:36.507 server info: ===================================================================
2024-09-24T17:59:36.525 server info: scimgateway[server] accepting requests from all clients
2024-09-24T17:59:36.535 server info: scimgateway[server] now listening SCIM 2.0 on port 8886...

Checking if Temporal server is running...
RTS version v1.41 running at http://localhost:8091
Temporal server is running.
Instance: Connection {
  options: {
    address: 'localhost:7233',
    credentials: InsecureChannelCredentialsImpl {
      callCredentials: EmptyCallCredentials {}
    },
    channelArgs: {
      'grpc.keepalive_permit_without_calls': 1,
      'grpc.keepalive_time_ms': 30000,
      'grpc.keepalive_timeout_ms': 15000
    },
    interceptors: [ [Function (anonymous)] ],
    metadata: {
      'client-name': 'temporal-typescript',
      'client-version': '1.10.1'
    },
    connectTimeoutMs: 10000
  },
  client: ServiceClientImpl {
    [Symbol()]: [],
    [Symbol()]: [],
    [Symbol()]: undefined,
    [Symbol()]: ChannelImplementation { internalChannel: [InternalChannel] }
  },
  workflowService: Service {
    _listeners: {},
    rpcImpl: [Function (anonymous)],
    requestDelimited: false,
    responseDelimited: false,
    registerNamespace: [Function: registerNamespace],
    describeNamespace: [Function: describeNamespace],
    listNamespaces: [Function: listNamespaces],
    updateNamespace: [Function: updateNamespace],
    deprecateNamespace: [Function: deprecateNamespace],
    startWorkflowExecution: [Function: startWorkflowExecution],
    executeMultiOperation: [Function: executeMultiOperation],
    getWorkflowExecutionHistory: [Function: getWorkflowExecutionHistory],
    getWorkflowExecutionHistoryReverse: [Function: getWorkflowExecutionHistoryReverse],
    pollWorkflowTaskQueue: [Function: pollWorkflowTaskQueue],
    respondWorkflowTaskCompleted: [Function: respondWorkflowTaskCompleted],
    respondWorkflowTaskFailed: [Function: respondWorkflowTaskFailed],
    pollActivityTaskQueue: [Function: pollActivityTaskQueue],
    recordActivityTaskHeartbeat: [Function: recordActivityTaskHeartbeat],
    recordActivityTaskHeartbeatById: [Function: recordActivityTaskHeartbeatById],
    respondActivityTaskCompleted: [Function: respondActivityTaskCompleted],
    respondActivityTaskCompletedById: [Function: respondActivityTaskCompletedById],
    respondActivityTaskFailed: [Function: respondActivityTaskFailed],
    respondActivityTaskFailedById: [Function: respondActivityTaskFailedById],
    respondActivityTaskCanceled: [Function: respondActivityTaskCanceled],
    respondActivityTaskCanceledById: [Function: respondActivityTaskCanceledById],
    requestCancelWorkflowExecution: [Function: requestCancelWorkflowExecution],
    signalWorkflowExecution: [Function: signalWorkflowExecution],
    signalWithStartWorkflowExecution: [Function: signalWithStartWorkflowExecution],
    resetWorkflowExecution: [Function: resetWorkflowExecution],
    terminateWorkflowExecution: [Function: terminateWorkflowExecution],
    deleteWorkflowExecution: [Function: deleteWorkflowExecution],
    listOpenWorkflowExecutions: [Function: listOpenWorkflowExecutions],
    listClosedWorkflowExecutions: [Function: listClosedWorkflowExecutions],
    listWorkflowExecutions: [Function: listWorkflowExecutions],
    listArchivedWorkflowExecutions: [Function: listArchivedWorkflowExecutions],
    scanWorkflowExecutions: [Function: scanWorkflowExecutions],
    countWorkflowExecutions: [Function: countWorkflowExecutions],
    getSearchAttributes: [Function: getSearchAttributes],
    respondQueryTaskCompleted: [Function: respondQueryTaskCompleted],
    resetStickyTaskQueue: [Function: resetStickyTaskQueue],
    queryWorkflow: [Function: queryWorkflow],
    describeWorkflowExecution: [Function: describeWorkflowExecution],
    describeTaskQueue: [Function: describeTaskQueue],
    getClusterInfo: [Function: getClusterInfo],
    getSystemInfo: [Function: getSystemInfo],
    listTaskQueuePartitions: [Function: listTaskQueuePartitions],
    createSchedule: [Function: createSchedule],
    describeSchedule: [Function: describeSchedule],
    updateSchedule: [Function: updateSchedule],
    patchSchedule: [Function: patchSchedule],
    listScheduleMatchingTimes: [Function: listScheduleMatchingTimes],
    deleteSchedule: [Function: deleteSchedule],
    listSchedules: [Function: listSchedules],
    updateWorkerBuildIdCompatibility: [Function: updateWorkerBuildIdCompatibility],
    getWorkerBuildIdCompatibility: [Function: getWorkerBuildIdCompatibility],
    updateWorkerVersioningRules: [Function: updateWorkerVersioningRules],
    getWorkerVersioningRules: [Function: getWorkerVersioningRules],
    getWorkerTaskReachability: [Function: getWorkerTaskReachability],
    updateWorkflowExecution: [Function: updateWorkflowExecution],
    pollWorkflowExecutionUpdate: [Function: pollWorkflowExecutionUpdate],
    startBatchOperation: [Function: startBatchOperation],
    stopBatchOperation: [Function: stopBatchOperation],
    describeBatchOperation: [Function: describeBatchOperation],
    listBatchOperations: [Function: listBatchOperations],
    pollNexusTaskQueue: [Function: pollNexusTaskQueue],
    respondNexusTaskCompleted: [Function: respondNexusTaskCompleted],
    respondNexusTaskFailed: [Function: respondNexusTaskFailed]
  },
  operatorService: Service {
    _listeners: {},
    rpcImpl: [Function (anonymous)],
    requestDelimited: false,
    responseDelimited: false,
    addSearchAttributes: [Function: addSearchAttributes],
    removeSearchAttributes: [Function: removeSearchAttributes],
    listSearchAttributes: [Function: listSearchAttributes],
    deleteNamespace: [Function: deleteNamespace],
    addOrUpdateRemoteCluster: [Function: addOrUpdateRemoteCluster],
    removeRemoteCluster: [Function: removeRemoteCluster],
    listClusters: [Function: listClusters],
    getNexusEndpoint: [Function: getNexusEndpoint],
    createNexusEndpoint: [Function: createNexusEndpoint],
    updateNexusEndpoint: [Function: updateNexusEndpoint],
    deleteNexusEndpoint: [Function: deleteNexusEndpoint],
    listNexusEndpoints: [Function: listNexusEndpoints]
  },
  healthService: Service {
    _listeners: {},
    rpcImpl: [Function (anonymous)],
    requestDelimited: false,
    responseDelimited: false,
    check: [Function: check],
    watch: [Function: watch]
  },
  callContextStorage: AsyncLocalStorage {
    kResourceStore: Symbol(kResourceStore),
    enabled: true
  },
  apiKeyFnRef: {},
  connectPromise: Promise { undefined }
}
healthResponse {
  "success": true,
  "message": "Temporal server is serving",
  "data": {
    "temporalHealth": "SERVING",
    "namespaces": [
      {
        "namespace": "appsmith-test",
        "appsmithSearchAttributes": [
          "appsmithWorkflowId"
        ]
      },
      {
        "namespace": "default",
        "appsmithSearchAttributes": [
          "appsmithWorkflowId"
        ]
      }
    ],
    "persistenceStore": "postgres12",
    "visibilityStore": "postgres12"
  }
}
time 2024-09-24T17:59:47.371Z
2024-09-24T17:59:50.296Z [INFO] Creating worker {
  sdkComponent: 'worker',
  taskQueue: 'appsmith-queue',
  options: {
    namespace: 'default',
    identity: '1757@350b448ebd26',
    useVersioning: false,
    buildId: undefined,
    shutdownGraceTime: 0,
    maxConcurrentLocalActivityExecutions: 100,
    enableNonLocalActivities: true,
    maxConcurrentWorkflowTaskPolls: 10,
    maxConcurrentActivityTaskPolls: 10,
    stickyQueueScheduleToStartTimeout: '10s',
    maxHeartbeatThrottleInterval: '60s',
    defaultHeartbeatThrottleInterval: '30s',
    isolateExecutionTimeout: '5s',
    workflowThreadPoolSize: 1,
    maxCachedWorkflows: 1110,
    showStackTraceSources: false,
    debugMode: false,
    interceptors: { activity: [], workflowModules: [] },
    nonStickyToStickyPollRatio: 0.2,
    sinks: { __temporal_logger: [Object] },
    connection: NativeConnection {
      nativeClient: [External: 6fa3470],
      referenceHolders: Set(0) {}
    },
    taskQueue: 'appsmith-queue',
    workflowsPath: '/opt/appsmith/rts/bundle/workflows.js',
    activities: Map(5) {
      'appsmithLog' => [Function: appsmithLog],
      'clearQuery' => [AsyncFunction: clearQuery],
      'createWorkflowRequest' => [AsyncFunction: createWorkflowRequest],
      'executeActivity' => [AsyncFunction: executeActivity],
      'sendAnalyticsEventFromTemporal' => [AsyncFunction: sendAnalyticsEventFromTemporal]
    },
    reuseV8Context: true,
    maxConcurrentWorkflowTaskExecutions: 40,
    maxConcurrentActivityTaskExecutions: 100,
    shutdownGraceTimeMs: 0,
    shutdownForceTimeMs: undefined,
    stickyQueueScheduleToStartTimeoutMs: 10000,
    isolateExecutionTimeoutMs: 5000,
    maxHeartbeatThrottleIntervalMs: 60000,
    defaultHeartbeatThrottleIntervalMs: 30000,
    loadedDataConverter: {
      payloadConverter: [DefaultPayloadConverter],
      failureConverter: [DefaultFailureConverter],
      payloadCodecs: []
    }
  }
}
2024-09-24T18:00:09.199Z [INFO] asset workflow-bundle-63bc4013fa026bc3a497.js 863 KiB [emitted] [immutable] (name: main)
runtime modules 937 bytes 4 modules
modules by path ../node_modules/@temporalio/ 208 KiB
  modules by path ../node_modules/@temporalio/common/lib/ 81.6 KiB
    modules by path ../node_modules/@temporalio/common/lib/*.js 56.9 KiB 16 modules
    modules by path ../node_modules/@temporalio/common/lib/converter/*.js 24.7 KiB 5 modules
  modules by path ../node_modules/@temporalio/workflow/ 126 KiB
    ../node_modules/@temporalio/workflow/lib/worker-interface.js 9.45 KiB [built] [code generated]
    + 17 modules
modules by path ./ 8.95 KiB
  ./workflows-autogenerated-entrypoint.cjs 423 bytes [built] [code generated]
  ./workflows.js 8.54 KiB [built] [code generated]
__temporal_custom_payload_converter (ignored) 15 bytes [built] [code generated]
__temporal_custom_failure_converter (ignored) 15 bytes [built] [code generated]
../node_modules/long/umd/index.js 43.1 KiB [built] [code generated]
../node_modules/ms/dist/index.cjs 3.41 KiB [built] [code generated]
webpack 5.94.0 compiled successfully in 6993 ms { sdkComponent: 'worker', taskQueue: 'appsmith-queue' }
2024-09-24T18:00:09.216Z [INFO] Workflow bundle created { sdkComponent: 'worker', taskQueue: 'appsmith-queue', size: '0.84MB' }
2024-09-24T18:00:11.085Z [INFO] Creating worker {
  sdkComponent: 'worker',
  taskQueue: 'appsmith-test-queue',
  options: {
    namespace: 'appsmith-test',
    identity: '1757@350b448ebd26',
    useVersioning: false,
    buildId: undefined,
    shutdownGraceTime: 0,
    maxConcurrentLocalActivityExecutions: 100,
    enableNonLocalActivities: true,
    maxConcurrentWorkflowTaskPolls: 10,
    maxConcurrentActivityTaskPolls: 10,
    stickyQueueScheduleToStartTimeout: '10s',
    maxHeartbeatThrottleInterval: '60s',
    defaultHeartbeatThrottleInterval: '30s',
    isolateExecutionTimeout: '5s',
    workflowThreadPoolSize: 1,
    maxCachedWorkflows: 1110,
    showStackTraceSources: false,
    debugMode: false,
    interceptors: { activity: [], workflowModules: [] },
    nonStickyToStickyPollRatio: 0.2,
    sinks: { __temporal_logger: [Object] },
    connection: NativeConnection {
      nativeClient: [External: 6de6050],
      referenceHolders: Set(0) {}
    },
    taskQueue: 'appsmith-test-queue',
    workflowsPath: '/opt/appsmith/rts/bundle/workflows.js',
    activities: Map(5) {
      'appsmithLog' => [Function: appsmithLog],
      'clearQuery' => [AsyncFunction: clearQuery],
      'createWorkflowRequest' => [AsyncFunction: createWorkflowRequest],
      'executeActivity' => [AsyncFunction: executeActivity],
      'sendAnalyticsEventFromTemporal' => [AsyncFunction: sendAnalyticsEventFromTemporal]
    },
    reuseV8Context: true,
    maxConcurrentWorkflowTaskExecutions: 40,
    maxConcurrentActivityTaskExecutions: 100,
    shutdownGraceTimeMs: 0,
    shutdownForceTimeMs: undefined,
    stickyQueueScheduleToStartTimeoutMs: 10000,
    isolateExecutionTimeoutMs: 5000,
    maxHeartbeatThrottleIntervalMs: 60000,
    defaultHeartbeatThrottleIntervalMs: 30000,
    loadedDataConverter: {
      payloadConverter: [DefaultPayloadConverter],
      failureConverter: [DefaultFailureConverter],
      payloadCodecs: []
    }
  }
}
2024-09-24T18:00:16.088Z [INFO] asset workflow-bundle-63bc4013fa026bc3a497.js 863 KiB [emitted] [immutable] (name: main)
runtime modules 937 bytes 4 modules
modules by path ../node_modules/@temporalio/ 208 KiB
  modules by path ../node_modules/@temporalio/common/lib/ 81.6 KiB
    modules by path ../node_modules/@temporalio/common/lib/*.js 56.9 KiB 16 modules
    modules by path ../node_modules/@temporalio/common/lib/converter/*.js 24.7 KiB 5 modules
  modules by path ../node_modules/@temporalio/workflow/ 126 KiB
    ../node_modules/@temporalio/workflow/lib/worker-interface.js 9.45 KiB [built] [code generated]
    + 17 modules
modules by path ./ 8.95 KiB
  ./workflows-autogenerated-entrypoint.cjs 423 bytes [built] [code generated]
  ./workflows.js 8.54 KiB [built] [code generated]
__temporal_custom_payload_converter (ignored) 15 bytes [built] [code generated]
__temporal_custom_failure_converter (ignored) 15 bytes [built] [code generated]
../node_modules/long/umd/index.js 43.1 KiB [built] [code generated]
../node_modules/ms/dist/index.cjs 3.41 KiB [built] [code generated]
webpack 5.94.0 compiled successfully in 4916 ms { sdkComponent: 'worker', taskQueue: 'appsmith-test-queue' }
2024-09-24T18:00:16.106Z [INFO] Workflow bundle created {
  sdkComponent: 'worker',
  taskQueue: 'appsmith-test-queue',
  size: '0.84MB'
}
2024-09-24T18:00:17.525Z [INFO] Worker state changed {
  sdkComponent: 'worker',
  taskQueue: 'appsmith-queue',
  state: 'RUNNING'
}
2024-09-24T18:00:17.581Z [INFO] Worker state changed {
  sdkComponent: 'worker',
  taskQueue: 'appsmith-test-queue',
  state: 'RUNNING'
}
2024-09-24T19:51:50.109 server debug: scimgateway[server] received terminate/kill signal - closing connections and exit
2024-09-24T19:51:50.124 server info: scimgateway[server] pheww... 0 requests have been processed in the period 2024-09-24T17:59:34.566 - 2024-09-24T19:51:50.124

2024-09-24T19:51:50.133Z [INFO] Worker state changed {
  sdkComponent: 'worker',
  taskQueue: 'appsmith-queue',
  state: 'STOPPING'
}
2024-09-24T19:51:50.141Z [INFO] Worker state changed {
  sdkComponent: 'worker',
  taskQueue: 'appsmith-test-queue',
  state: 'STOPPING'
}
2024-09-24T19:51:50.142Z [INFO] Worker state changed {
  sdkComponent: 'worker',
  taskQueue: 'appsmith-queue',
  state: 'DRAINING'
}
2024-09-24T19:51:50.143Z [INFO] Worker state changed {
  sdkComponent: 'worker',
  taskQueue: 'appsmith-test-queue',
  state: 'DRAINING'
}
2024-09-24T19:51:50.156Z [INFO] Worker state changed {
  sdkComponent: 'worker',
  taskQueue: 'appsmith-queue',
  state: 'DRAINED'
}
2024-09-24T19:51:50.157Z [INFO] Worker state changed {
  sdkComponent: 'worker',
  taskQueue: 'appsmith-queue',
  state: 'STOPPED'
}
2024-09-24T19:51:50.161Z [INFO] Worker state changed {
  sdkComponent: 'worker',
  taskQueue: 'appsmith-test-queue',
  state: 'DRAINED'
}
2024-09-24T19:51:50.161Z [INFO] Worker state changed {
  sdkComponent: 'worker',
  taskQueue: 'appsmith-test-queue',
  state: 'STOPPED'
}
2024-09-24T19:57:04.096Z Load environment configuration
2024-09-24T19:57:09.233 server info: ===================================================================
2024-09-24T19:57:09.252 server info: scimgateway[server] accepting requests from all clients
2024-09-24T19:57:09.272 server info: scimgateway[server] now listening SCIM 2.0 on port 8886...

Checking if Temporal server is running...
RTS version v1.41 running at http://localhost:8091
Not able to connect to Temporal server: Failed to connect before the deadline
Temporal server is not running. Retrying attempt 1/50 in 20 seconds...
Checking if Temporal server is running...
Not able to connect to Temporal server: Failed to connect before the deadline
Temporal server is not running. Retrying attempt 2/50 in 20 seconds...
Checking if Temporal server is running...
Temporal server is running.
Instance: Connection {
  options: {
    address: 'localhost:7233',
    credentials: InsecureChannelCredentialsImpl {
      callCredentials: EmptyCallCredentials {}
    },
    channelArgs: {
      'grpc.keepalive_permit_without_calls': 1,
      'grpc.keepalive_time_ms': 30000,
      'grpc.keepalive_timeout_ms': 15000
    },
    interceptors: [ [Function (anonymous)] ],
    metadata: {
      'client-name': 'temporal-typescript',
      'client-version': '1.10.1'
    },
    connectTimeoutMs: 10000
  },
  client: ServiceClientImpl {
    [Symbol()]: [],
    [Symbol()]: [],
    [Symbol()]: undefined,
    [Symbol()]: ChannelImplementation { internalChannel: [InternalChannel] }
  },
  workflowService: Service {
    _listeners: {},
    rpcImpl: [Function (anonymous)],
    requestDelimited: false,
    responseDelimited: false,
    registerNamespace: [Function: registerNamespace],
    describeNamespace: [Function: describeNamespace],
    listNamespaces: [Function: listNamespaces],
    updateNamespace: [Function: updateNamespace],
    deprecateNamespace: [Function: deprecateNamespace],
    startWorkflowExecution: [Function: startWorkflowExecution],
    executeMultiOperation: [Function: executeMultiOperation],
    getWorkflowExecutionHistory: [Function: getWorkflowExecutionHistory],
    getWorkflowExecutionHistoryReverse: [Function: getWorkflowExecutionHistoryReverse],
    pollWorkflowTaskQueue: [Function: pollWorkflowTaskQueue],
    respondWorkflowTaskCompleted: [Function: respondWorkflowTaskCompleted],
    respondWorkflowTaskFailed: [Function: respondWorkflowTaskFailed],
    pollActivityTaskQueue: [Function: pollActivityTaskQueue],
    recordActivityTaskHeartbeat: [Function: recordActivityTaskHeartbeat],
    recordActivityTaskHeartbeatById: [Function: recordActivityTaskHeartbeatById],
    respondActivityTaskCompleted: [Function: respondActivityTaskCompleted],
    respondActivityTaskCompletedById: [Function: respondActivityTaskCompletedById],
    respondActivityTaskFailed: [Function: respondActivityTaskFailed],
    respondActivityTaskFailedById: [Function: respondActivityTaskFailedById],
    respondActivityTaskCanceled: [Function: respondActivityTaskCanceled],
    respondActivityTaskCanceledById: [Function: respondActivityTaskCanceledById],
    requestCancelWorkflowExecution: [Function: requestCancelWorkflowExecution],
    signalWorkflowExecution: [Function: signalWorkflowExecution],
    signalWithStartWorkflowExecution: [Function: signalWithStartWorkflowExecution],
    resetWorkflowExecution: [Function: resetWorkflowExecution],
    terminateWorkflowExecution: [Function: terminateWorkflowExecution],
    deleteWorkflowExecution: [Function: deleteWorkflowExecution],
    listOpenWorkflowExecutions: [Function: listOpenWorkflowExecutions],
    listClosedWorkflowExecutions: [Function: listClosedWorkflowExecutions],
    listWorkflowExecutions: [Function: listWorkflowExecutions],
    listArchivedWorkflowExecutions: [Function: listArchivedWorkflowExecutions],
    scanWorkflowExecutions: [Function: scanWorkflowExecutions],
    countWorkflowExecutions: [Function: countWorkflowExecutions],
    getSearchAttributes: [Function: getSearchAttributes],
    respondQueryTaskCompleted: [Function: respondQueryTaskCompleted],
    resetStickyTaskQueue: [Function: resetStickyTaskQueue],
    queryWorkflow: [Function: queryWorkflow],
    describeWorkflowExecution: [Function: describeWorkflowExecution],
    describeTaskQueue: [Function: describeTaskQueue],
    getClusterInfo: [Function: getClusterInfo],
    getSystemInfo: [Function: getSystemInfo],
    listTaskQueuePartitions: [Function: listTaskQueuePartitions],
    createSchedule: [Function: createSchedule],
    describeSchedule: [Function: describeSchedule],
    updateSchedule: [Function: updateSchedule],
    patchSchedule: [Function: patchSchedule],
    listScheduleMatchingTimes: [Function: listScheduleMatchingTimes],
    deleteSchedule: [Function: deleteSchedule],
    listSchedules: [Function: listSchedules],
    updateWorkerBuildIdCompatibility: [Function: updateWorkerBuildIdCompatibility],
    getWorkerBuildIdCompatibility: [Function: getWorkerBuildIdCompatibility],
    updateWorkerVersioningRules: [Function: updateWorkerVersioningRules],
    getWorkerVersioningRules: [Function: getWorkerVersioningRules],
    getWorkerTaskReachability: [Function: getWorkerTaskReachability],
    updateWorkflowExecution: [Function: updateWorkflowExecution],
    pollWorkflowExecutionUpdate: [Function: pollWorkflowExecutionUpdate],
    startBatchOperation: [Function: startBatchOperation],
    stopBatchOperation: [Function: stopBatchOperation],
    describeBatchOperation: [Function: describeBatchOperation],
    listBatchOperations: [Function: listBatchOperations],
    pollNexusTaskQueue: [Function: pollNexusTaskQueue],
    respondNexusTaskCompleted: [Function: respondNexusTaskCompleted],
    respondNexusTaskFailed: [Function: respondNexusTaskFailed]
  },
  operatorService: Service {
    _listeners: {},
    rpcImpl: [Function (anonymous)],
    requestDelimited: false,
    responseDelimited: false,
    addSearchAttributes: [Function: addSearchAttributes],
    removeSearchAttributes: [Function: removeSearchAttributes],
    listSearchAttributes: [Function: listSearchAttributes],
    deleteNamespace: [Function: deleteNamespace],
    addOrUpdateRemoteCluster: [Function: addOrUpdateRemoteCluster],
    removeRemoteCluster: [Function: removeRemoteCluster],
    listClusters: [Function: listClusters],
    getNexusEndpoint: [Function: getNexusEndpoint],
    createNexusEndpoint: [Function: createNexusEndpoint],
    updateNexusEndpoint: [Function: updateNexusEndpoint],
    deleteNexusEndpoint: [Function: deleteNexusEndpoint],
    listNexusEndpoints: [Function: listNexusEndpoints]
  },
  healthService: Service {
    _listeners: {},
    rpcImpl: [Function (anonymous)],
    requestDelimited: false,
    responseDelimited: false,
    check: [Function: check],
    watch: [Function: watch]
  },
  callContextStorage: AsyncLocalStorage {
    kResourceStore: Symbol(kResourceStore),
    enabled: true
  },
  apiKeyFnRef: {},
  connectPromise: Promise { undefined }
}
healthResponse {
  "success": true,
  "message": "Temporal server is serving",
  "data": {
    "temporalHealth": "SERVING",
    "namespaces": [
      {
        "namespace": "appsmith-test",
        "appsmithSearchAttributes": [
          "appsmithWorkflowId"
        ]
      },
      {
        "namespace": "default",
        "appsmithSearchAttributes": [
          "appsmithWorkflowId"
        ]
      }
    ],
    "persistenceStore": "postgres12",
    "visibilityStore": "postgres12"
  }
}
time 2024-09-24T19:58:13.173Z
2024-09-24T19:58:13.298Z [INFO] Creating worker {
  sdkComponent: 'worker',
  taskQueue: 'appsmith-queue',
  options: {
    namespace: 'default',
    identity: '1660@350b448ebd26',
    useVersioning: false,
    buildId: undefined,
    shutdownGraceTime: 0,
    maxConcurrentLocalActivityExecutions: 100,
    enableNonLocalActivities: true,
    maxConcurrentWorkflowTaskPolls: 10,
    maxConcurrentActivityTaskPolls: 10,
    stickyQueueScheduleToStartTimeout: '10s',
    maxHeartbeatThrottleInterval: '60s',
    defaultHeartbeatThrottleInterval: '30s',
    isolateExecutionTimeout: '5s',
    workflowThreadPoolSize: 1,
    maxCachedWorkflows: 1110,
    showStackTraceSources: false,
    debugMode: false,
    interceptors: { activity: [], workflowModules: [] },
    nonStickyToStickyPollRatio: 0.2,
    sinks: { __temporal_logger: [Object] },
    connection: NativeConnection {
      nativeClient: [External: 6259390],
      referenceHolders: Set(0) {}
    },
    taskQueue: 'appsmith-queue',
    workflowsPath: '/opt/appsmith/rts/bundle/workflows.js',
    activities: Map(5) {
      'appsmithLog' => [Function: appsmithLog],
      'clearQuery' => [AsyncFunction: clearQuery],
      'createWorkflowRequest' => [AsyncFunction: createWorkflowRequest],
      'executeActivity' => [AsyncFunction: executeActivity],
      'sendAnalyticsEventFromTemporal' => [AsyncFunction: sendAnalyticsEventFromTemporal]
    },
    reuseV8Context: true,
    maxConcurrentWorkflowTaskExecutions: 40,
    maxConcurrentActivityTaskExecutions: 100,
    shutdownGraceTimeMs: 0,
    shutdownForceTimeMs: undefined,
    stickyQueueScheduleToStartTimeoutMs: 10000,
    isolateExecutionTimeoutMs: 5000,
    maxHeartbeatThrottleIntervalMs: 60000,
    defaultHeartbeatThrottleIntervalMs: 30000,
    loadedDataConverter: {
      payloadConverter: [DefaultPayloadConverter],
      failureConverter: [DefaultFailureConverter],
      payloadCodecs: []
    }
  }
}
2024-09-24T19:58:24.678Z [INFO] asset workflow-bundle-63bc4013fa026bc3a497.js 863 KiB [emitted] [immutable] (name: main)
runtime modules 937 bytes 4 modules
modules by path ../node_modules/@temporalio/ 208 KiB
  modules by path ../node_modules/@temporalio/common/lib/ 81.6 KiB
    modules by path ../node_modules/@temporalio/common/lib/*.js 56.9 KiB 16 modules
    modules by path ../node_modules/@temporalio/common/lib/converter/*.js 24.7 KiB 5 modules
  modules by path ../node_modules/@temporalio/workflow/ 126 KiB
    ../node_modules/@temporalio/workflow/lib/worker-interface.js 9.45 KiB [built] [code generated]
    + 17 modules
modules by path ./ 8.95 KiB
  ./workflows-autogenerated-entrypoint.cjs 423 bytes [built] [code generated]
  ./workflows.js 8.54 KiB [built] [code generated]
__temporal_custom_payload_converter (ignored) 15 bytes [built] [code generated]
__temporal_custom_failure_converter (ignored) 15 bytes [built] [code generated]
../node_modules/long/umd/index.js 43.1 KiB [built] [code generated]
../node_modules/ms/dist/index.cjs 3.41 KiB [built] [code generated]
webpack 5.94.0 compiled successfully in 7119 ms { sdkComponent: 'worker', taskQueue: 'appsmith-queue' }
2024-09-24T19:58:24.697Z [INFO] Workflow bundle created { sdkComponent: 'worker', taskQueue: 'appsmith-queue', size: '0.84MB' }
2024-09-24T19:58:25.898Z [INFO] Creating worker {
  sdkComponent: 'worker',
  taskQueue: 'appsmith-test-queue',
  options: {
    namespace: 'appsmith-test',
    identity: '1660@350b448ebd26',
    useVersioning: false,
    buildId: undefined,
    shutdownGraceTime: 0,
    maxConcurrentLocalActivityExecutions: 100,
    enableNonLocalActivities: true,
    maxConcurrentWorkflowTaskPolls: 10,
    maxConcurrentActivityTaskPolls: 10,
    stickyQueueScheduleToStartTimeout: '10s',
    maxHeartbeatThrottleInterval: '60s',
    defaultHeartbeatThrottleInterval: '30s',
    isolateExecutionTimeout: '5s',
    workflowThreadPoolSize: 1,
    maxCachedWorkflows: 1110,
    showStackTraceSources: false,
    debugMode: false,
    interceptors: { activity: [], workflowModules: [] },
    nonStickyToStickyPollRatio: 0.2,
    sinks: { __temporal_logger: [Object] },
    connection: NativeConnection {
      nativeClient: [External: 7fd56c08d0e0],
      referenceHolders: Set(0) {}
    },
    taskQueue: 'appsmith-test-queue',
    workflowsPath: '/opt/appsmith/rts/bundle/workflows.js',
    activities: Map(5) {
      'appsmithLog' => [Function: appsmithLog],
      'clearQuery' => [AsyncFunction: clearQuery],
      'createWorkflowRequest' => [AsyncFunction: createWorkflowRequest],
      'executeActivity' => [AsyncFunction: executeActivity],
      'sendAnalyticsEventFromTemporal' => [AsyncFunction: sendAnalyticsEventFromTemporal]
    },
    reuseV8Context: true,
    maxConcurrentWorkflowTaskExecutions: 40,
    maxConcurrentActivityTaskExecutions: 100,
    shutdownGraceTimeMs: 0,
    shutdownForceTimeMs: undefined,
    stickyQueueScheduleToStartTimeoutMs: 10000,
    isolateExecutionTimeoutMs: 5000,
    maxHeartbeatThrottleIntervalMs: 60000,
    defaultHeartbeatThrottleIntervalMs: 30000,
    loadedDataConverter: {
      payloadConverter: [DefaultPayloadConverter],
      failureConverter: [DefaultFailureConverter],
      payloadCodecs: []
    }
  }
}
2024-09-24T19:58:29.143Z [INFO] asset workflow-bundle-63bc4013fa026bc3a497.js 863 KiB [emitted] [immutable] (name: main)
runtime modules 937 bytes 4 modules
modules by path ../node_modules/@temporalio/ 208 KiB
  modules by path ../node_modules/@temporalio/common/lib/ 81.6 KiB
    modules by path ../node_modules/@temporalio/common/lib/*.js 56.9 KiB 16 modules
    modules by path ../node_modules/@temporalio/common/lib/converter/*.js 24.7 KiB 5 modules
  modules by path ../node_modules/@temporalio/workflow/ 126 KiB
    ../node_modules/@temporalio/workflow/lib/worker-interface.js 9.45 KiB [built] [code generated]
    + 17 modules
modules by path ./ 8.95 KiB
  ./workflows-autogenerated-entrypoint.cjs 423 bytes [built] [code generated]
  ./workflows.js 8.54 KiB [built] [code generated]
__temporal_custom_payload_converter (ignored) 15 bytes [built] [code generated]
__temporal_custom_failure_converter (ignored) 15 bytes [built] [code generated]
../node_modules/long/umd/index.js 43.1 KiB [built] [code generated]
../node_modules/ms/dist/index.cjs 3.41 KiB [built] [code generated]
webpack 5.94.0 compiled successfully in 2956 ms { sdkComponent: 'worker', taskQueue: 'appsmith-test-queue' }
2024-09-24T19:58:29.149Z [INFO] Workflow bundle created {
  sdkComponent: 'worker',
  taskQueue: 'appsmith-test-queue',
  size: '0.84MB'
}
2024-09-24T19:58:30.905Z [INFO] Worker state changed {
  sdkComponent: 'worker',
  taskQueue: 'appsmith-queue',
  state: 'RUNNING'
}
2024-09-24T19:58:30.938Z [INFO] Worker state changed {
  sdkComponent: 'worker',
  taskQueue: 'appsmith-test-queue',
  state: 'RUNNING'
}
2024-09-25T05:13:58.325 server debug: scimgateway[server] received terminate/kill signal - closing connections and exit
2024-09-25T05:13:58.333 server info: scimgateway[server] pheww... 0 requests have been processed in the period 2024-09-24T19:57:08.833 - 2024-09-25T05:13:58.332

2024-09-25T05:13:58.354Z [INFO] Worker state changed {
  sdkComponent: 'worker',
  taskQueue: 'appsmith-queue',
  state: 'STOPPING'
}
2024-09-25T05:13:58.356Z [INFO] Worker state changed {
  sdkComponent: 'worker',
  taskQueue: 'appsmith-test-queue',
  state: 'STOPPING'
}
2024-09-25T05:13:58.373Z [INFO] Worker state changed {
  sdkComponent: 'worker',
  taskQueue: 'appsmith-queue',
  state: 'DRAINING'
}
2024-09-25T05:13:58.373Z [INFO] Worker state changed {
  sdkComponent: 'worker',
  taskQueue: 'appsmith-test-queue',
  state: 'DRAINING'
}
2024-09-25T05:13:58.376Z [INFO] Worker state changed {
  sdkComponent: 'worker',
  taskQueue: 'appsmith-test-queue',
  state: 'DRAINED'
}
2024-09-25T05:13:58.378Z [INFO] Worker state changed {
  sdkComponent: 'worker',
  taskQueue: 'appsmith-test-queue',
  state: 'STOPPED'
}
2024-09-25T05:13:58.380Z [INFO] Worker state changed {
  sdkComponent: 'worker',
  taskQueue: 'appsmith-queue',
  state: 'DRAINED'
}
2024-09-25T05:13:58.380Z [INFO] Worker state changed {
  sdkComponent: 'worker',
  taskQueue: 'appsmith-queue',
  state: 'STOPPED'
}
